[2025-10-07 20:07:32] This is codeql database create db-hello --language=cpp --overwrite --command=gcc -c hello.c
[2025-10-07 20:07:32] Log file was started late.
[2025-10-07 20:07:32] [PROGRESS] database create> Initializing database at /home/vboxuser/Documents/SCOPE-QL/db-hello.
[2025-10-07 20:07:32] Running plumbing command: codeql database init --overwrite --language=cpp --extractor-options-verbosity=1 --qlconfig-file=/home/vboxuser/Documents/SCOPE-QL/qlconfig.yml --source-root=/home/vboxuser/Documents/SCOPE-QL --allow-missing-source-root=false --allow-already-existing -- /home/vboxuser/Documents/SCOPE-QL/db-hello
[2025-10-07 20:07:32] Calling plumbing command: codeql resolve languages --extractor-options-verbosity=1 --format=betterjson
[2025-10-07 20:07:32] [DETAILS] resolve languages> Scanning for [codeql-extractor.yml] from /home/vboxuser/codeql-home/codeql/.codeqlmanifest.json
[2025-10-07 20:07:32] [DETAILS] resolve languages> Parsing /home/vboxuser/codeql-home/codeql/swift/codeql-extractor.yml.
[2025-10-07 20:07:32] [DETAILS] resolve languages> Parsing /home/vboxuser/codeql-home/codeql/cpp/codeql-extractor.yml.
[2025-10-07 20:07:32] [DETAILS] resolve languages> Parsing /home/vboxuser/codeql-home/codeql/xml/codeql-extractor.yml.
[2025-10-07 20:07:32] [DETAILS] resolve languages> Parsing /home/vboxuser/codeql-home/codeql/javascript/codeql-extractor.yml.
[2025-10-07 20:07:32] [DETAILS] resolve languages> Parsing /home/vboxuser/codeql-home/codeql/ruby/codeql-extractor.yml.
[2025-10-07 20:07:32] [DETAILS] resolve languages> Parsing /home/vboxuser/codeql-home/codeql/go/codeql-extractor.yml.
[2025-10-07 20:07:32] [DETAILS] resolve languages> Parsing /home/vboxuser/codeql-home/codeql/html/codeql-extractor.yml.
[2025-10-07 20:07:32] [DETAILS] resolve languages> Parsing /home/vboxuser/codeql-home/codeql/properties/codeql-extractor.yml.
[2025-10-07 20:07:32] [DETAILS] resolve languages> Parsing /home/vboxuser/codeql-home/codeql/python/codeql-extractor.yml.
[2025-10-07 20:07:32] [DETAILS] resolve languages> Parsing /home/vboxuser/codeql-home/codeql/yaml/codeql-extractor.yml.
[2025-10-07 20:07:32] [DETAILS] resolve languages> Parsing /home/vboxuser/codeql-home/codeql/java/codeql-extractor.yml.
[2025-10-07 20:07:32] [DETAILS] resolve languages> Parsing /home/vboxuser/codeql-home/codeql/csv/codeql-extractor.yml.
[2025-10-07 20:07:32] [DETAILS] resolve languages> Parsing /home/vboxuser/codeql-home/codeql/csharp/codeql-extractor.yml.
[2025-10-07 20:07:32] Plumbing command codeql resolve languages completed:
                      {
                        "aliases" : {
                          "c" : "cpp",
                          "c++" : "cpp",
                          "c-c++" : "cpp",
                          "c-cpp" : "cpp",
                          "c#" : "csharp",
                          "java-kotlin" : "java",
                          "kotlin" : "java",
                          "javascript-typescript" : "javascript",
                          "typescript" : "javascript"
                        },
                        "extractors" : {
                          "swift" : [
                            {
                              "extractor_root" : "/home/vboxuser/codeql-home/codeql/swift"
                            }
                          ],
                          "cpp" : [
                            {
                              "extractor_root" : "/home/vboxuser/codeql-home/codeql/cpp",
                              "extractor_options" : {
                                "scale_timeouts" : {
                                  "title" : "Value to scale compiler introspection timeouts with",
                                  "description" : "The extractor attempts to determine what compiler the source code being extracted is compiled with. To this end the extractor makes additional calls to the compiler, some of which are expected to return within a certain fixed time (either 10s or 15s). On some systems that are under high load this time might be too short, and can be scaled up using this option.\n",
                                  "type" : "string",
                                  "pattern" : "[0-9]+"
                                },
                                "log_verbosity" : {
                                  "title" : "Verbosity of the extractor logging",
                                  "description" : "Set the verbosity of the extractor logging to 'quiet' (0), 'normal' (1), 'chatty' (2), or 'noisy' (3). The default is 'normal'.\n",
                                  "type" : "string",
                                  "pattern" : "[0-3]"
                                }
                              }
                            }
                          ],
                          "xml" : [
                            {
                              "extractor_root" : "/home/vboxuser/codeql-home/codeql/xml"
                            }
                          ],
                          "javascript" : [
                            {
                              "extractor_root" : "/home/vboxuser/codeql-home/codeql/javascript",
                              "extractor_options" : {
                                "skip_types" : {
                                  "title" : "Skip type extraction for TypeScript",
                                  "description" : "Whether to skip the extraction of types in a TypeScript application",
                                  "type" : "string",
                                  "pattern" : "^(false|true)$"
                                }
                              }
                            }
                          ],
                          "ruby" : [
                            {
                              "extractor_root" : "/home/vboxuser/codeql-home/codeql/ruby",
                              "extractor_options" : {
                                "trap" : {
                                  "title" : "Options pertaining to TRAP.",
                                  "description" : "Options pertaining to TRAP.",
                                  "type" : "object",
                                  "properties" : {
                                    "compression" : {
                                      "title" : "Controls compression for the TRAP files written by the extractor.",
                                      "description" : "This option is only intended for use in debugging the extractor. Accepted values are 'gzip' (the default, to write gzip-compressed TRAP) and 'none' (to write uncompressed TRAP).\n",
                                      "type" : "string",
                                      "pattern" : "^(none|gzip)$"
                                    }
                                  }
                                }
                              }
                            }
                          ],
                          "go" : [
                            {
                              "extractor_root" : "/home/vboxuser/codeql-home/codeql/go",
                              "extractor_options" : {
                                "extract_tests" : {
                                  "title" : "Whether to include Go test files in the CodeQL database.",
                                  "description" : "A value indicating whether Go test files should be included in the CodeQL database. The default is 'false'.\n",
                                  "type" : "string",
                                  "pattern" : "^(false|true)$"
                                },
                                "extract_vendor_dirs" : {
                                  "title" : "Whether to include Go vendor directories in the CodeQL database.",
                                  "description" : "A value indicating whether Go vendor directories should be included in the CodeQL database. The default is 'false'.\n",
                                  "type" : "string",
                                  "pattern" : "^(false|true)$"
                                }
                              }
                            }
                          ],
                          "html" : [
                            {
                              "extractor_root" : "/home/vboxuser/codeql-home/codeql/html"
                            }
                          ],
                          "properties" : [
                            {
                              "extractor_root" : "/home/vboxuser/codeql-home/codeql/properties"
                            }
                          ],
                          "python" : [
                            {
                              "extractor_root" : "/home/vboxuser/codeql-home/codeql/python",
                              "extractor_options" : {
                                "logging" : {
                                  "title" : "Options pertaining to logging.",
                                  "description" : "Options pertaining to logging.",
                                  "type" : "object",
                                  "properties" : {
                                    "verbosity" : {
                                      "title" : "Python extractor logging verbosity level.",
                                      "description" : "Controls the level of verbosity of the CodeQL Python extractor.\nThe supported levels are (in order of increasing verbosity):\n\n  - off\n  - errors\n  - warnings\n  - info or progress\n  - debug or progress+\n  - trace or progress++\n  - progress+++\n",
                                      "type" : "string",
                                      "pattern" : "^(off|errors|warnings|(info|progress)|(debug|progress\\+)|(trace|progress\\+\\+)|progress\\+\\+\\+)$"
                                    }
                                  }
                                },
                                "python_executable_name" : {
                                  "title" : "Controls the name of the Python executable used by the Python extractor.",
                                  "description" : "The Python extractor uses platform-dependent heuristics to determine the name of the Python executable to use. Specifying a value for this option overrides the name of the Python executable used by the extractor. Accepted values are py, python and python3. Use this setting with caution, the Python extractor requires Python 3 to run.\n",
                                  "type" : "string",
                                  "pattern" : "^(py|python|python3)$"
                                }
                              }
                            }
                          ],
                          "yaml" : [
                            {
                              "extractor_root" : "/home/vboxuser/codeql-home/codeql/yaml"
                            }
                          ],
                          "java" : [
                            {
                              "extractor_root" : "/home/vboxuser/codeql-home/codeql/java",
                              "extractor_options" : {
                                "exclude" : {
                                  "title" : "A glob excluding files from analysis.",
                                  "description" : "A glob indicating what files to exclude from the analysis.\n",
                                  "type" : "string"
                                },
                                "add_prefer_source" : {
                                  "title" : "Whether to always prefer source files over class files.",
                                  "description" : "A value indicating whether source files should be preferred over class files. If set to 'true', the extraction adds '-Xprefer:source' to the javac command line. If set to 'false', the extraction uses the default javac behavior ('-Xprefer:newer'). The default is 'true'.\n",
                                  "type" : "string",
                                  "pattern" : "^(false|true)$"
                                },
                                "buildless" : {
                                  "title" : "Whether to use buildless (standalone) extraction (experimental).",
                                  "description" : "A value indicating, which type of extraction the autobuilder should perform. If 'true', then the standalone extractor will be used, otherwise tracing extraction will be performed. The default is 'false'. Note that buildless extraction will generally yield less accurate analysis results, and should only be used in cases where it is not possible to build the code (for example if it uses inaccessible dependencies).\n",
                                  "type" : "string",
                                  "pattern" : "^(false|true)$"
                                },
                                "file_hashes_out" : {
                                  "title" : "Path to write a JSON object giving the hashes of input source files",
                                  "description" : "Path to write a JSON object giving the hashes of input source files\n",
                                  "type" : "string"
                                },
                                "underlying_file_hashes" : {
                                  "title" : "Path to a file containing a JSON object giving the hashes of input source files",
                                  "description" : "The path to a file containing a JSON object giving the hashes of input source files. Only files whose hash differs from that given in this object (or which are not included) will be extracted.\n",
                                  "type" : "string"
                                }
                              }
                            }
                          ],
                          "csv" : [
                            {
                              "extractor_root" : "/home/vboxuser/codeql-home/codeql/csv"
                            }
                          ],
                          "csharp" : [
                            {
                              "extractor_root" : "/home/vboxuser/codeql-home/codeql/csharp",
                              "extractor_options" : {
                                "trap" : {
                                  "title" : "Options pertaining to TRAP.",
                                  "description" : "Options pertaining to TRAP.",
                                  "type" : "object",
                                  "properties" : {
                                    "compression" : {
                                      "title" : "Controls compression for the TRAP files written by the extractor.",
                                      "description" : "This option is only intended for use in debugging the extractor. Accepted values are 'brotli' (the default, to write brotli-compressed TRAP), 'gzip', and 'none' (to write uncompressed TRAP).\n",
                                      "type" : "string",
                                      "pattern" : "^(none|gzip|brotli)$"
                                    }
                                  }
                                },
                                "buildless" : {
                                  "title" : "DEPRECATED - Whether to use buildless (standalone) extraction.",
                                  "description" : "DEPRECATED: Use `--build-mode none` instead.\nA value indicating, which type of extraction the autobuilder should perform. If 'true', then the standalone extractor will be used, otherwise tracing extraction will be performed. The default is 'false'. Note that buildless extraction will generally yield less accurate analysis results, and should only be used in cases where it is not possible to build the code (for example if it uses inaccessible dependencies).\n",
                                  "type" : "string",
                                  "pattern" : "^(false|true)$"
                                },
                                "logging" : {
                                  "title" : "Options pertaining to logging.",
                                  "description" : "Options pertaining to logging.",
                                  "type" : "object",
                                  "properties" : {
                                    "verbosity" : {
                                      "title" : "Extractor logging verbosity level.",
                                      "description" : "Controls the level of verbosity of the extractor. The supported levels are (in order of increasing verbosity):\n  - off\n  - errors\n  - warnings\n  - info or progress\n  - debug or progress+\n  - trace or progress++\n  - progress+++\n",
                                      "type" : "string",
                                      "pattern" : "^(off|errors|warnings|(info|progress)|(debug|progress\\+)|(trace|progress\\+\\+)|progress\\+\\+\\+)$"
                                    }
                                  }
                                },
                                "binlog" : {
                                  "title" : "Binlog",
                                  "description" : "[EXPERIMENTAL] The value is a path to the MsBuild binary log file that should be extracted. This option only works when `--build-mode none` is also specified.\n",
                                  "type" : "array"
                                }
                              }
                            }
                          ]
                        }
                      }
[2025-10-07 20:07:32] [PROGRESS] database init> Calculating baseline information in /home/vboxuser/Documents/SCOPE-QL
[2025-10-07 20:07:32] [SPAMMY] database init> Ignoring the following directories when processing baseline information: .git, .hg, .svn.
[2025-10-07 20:07:32] [DETAILS] database init> Running command in /home/vboxuser/Documents/SCOPE-QL: /home/vboxuser/codeql-home/codeql/tools/linux64/scc --by-file --exclude-dir .git,.hg,.svn --format json --no-large --no-min .
[2025-10-07 20:07:32] [SPAMMY] database init> Found 3 baseline files for cpp.
[2025-10-07 20:07:32] [PROGRESS] database init> Calculated baseline information for languages: cpp (26ms).
[2025-10-07 20:07:36] [PROGRESS] database init> Resolving extractor cpp.
[2025-10-07 20:07:36] [DETAILS] database init> Found candidate extractor root for cpp: /home/vboxuser/codeql-home/codeql/cpp.
[2025-10-07 20:07:36] [PROGRESS] database init> Successfully loaded extractor C/C++ (cpp) from /home/vboxuser/codeql-home/codeql/cpp.
[2025-10-07 20:07:36] [PROGRESS] database init> Created skeleton CodeQL database at /home/vboxuser/Documents/SCOPE-QL/db-hello. This in-progress database is ready to be populated by an extractor.
[2025-10-07 20:07:36] Plumbing command codeql database init completed.
[2025-10-07 20:07:36] [PROGRESS] database create> Running build command: [gcc, -c, hello.c]
[2025-10-07 20:07:36] Running plumbing command: codeql database trace-command --working-dir=/home/vboxuser/Documents/SCOPE-QL --index-traceless-dbs --no-db-cluster -- /home/vboxuser/Documents/SCOPE-QL/db-hello gcc -c hello.c
[2025-10-07 20:07:36] [PROGRESS] database trace-command> Running command in /home/vboxuser/Documents/SCOPE-QL: [gcc, -c, hello.c]
[2025-10-07 20:07:36] Plumbing command codeql database trace-command completed.
[2025-10-07 20:07:36] [PROGRESS] database create> Finalizing database at /home/vboxuser/Documents/SCOPE-QL/db-hello.
[2025-10-07 20:07:36] Running plumbing command: codeql database finalize --no-db-cluster -- /home/vboxuser/Documents/SCOPE-QL/db-hello
[2025-10-07 20:07:36] Using pre-finalize script /home/vboxuser/codeql-home/codeql/cpp/tools/pre-finalize.sh.
[2025-10-07 20:07:36] [PROGRESS] database finalize> Running pre-finalize script /home/vboxuser/codeql-home/codeql/cpp/tools/pre-finalize.sh in /home/vboxuser/Documents/SCOPE-QL.
[2025-10-07 20:07:36] Running plumbing command: codeql database trace-command --working-dir=/home/vboxuser/Documents/SCOPE-QL --no-tracing -- /home/vboxuser/Documents/SCOPE-QL/db-hello /home/vboxuser/codeql-home/codeql/cpp/tools/pre-finalize.sh
[2025-10-07 20:07:36] [PROGRESS] database trace-command> Running command in /home/vboxuser/Documents/SCOPE-QL: [/home/vboxuser/codeql-home/codeql/cpp/tools/pre-finalize.sh]
[2025-10-07 20:07:36] Plumbing command codeql database trace-command completed.
[2025-10-07 20:07:36] [PROGRESS] database finalize> Running TRAP import for CodeQL database at /home/vboxuser/Documents/SCOPE-QL/db-hello...
[2025-10-07 20:07:36] Running plumbing command: codeql dataset import --dbscheme=/home/vboxuser/codeql-home/codeql/cpp/semmlecode.cpp.dbscheme -- /home/vboxuser/Documents/SCOPE-QL/db-hello/db-cpp /home/vboxuser/Documents/SCOPE-QL/db-hello/trap/cpp
[2025-10-07 20:07:36] Clearing disk cache since the version file /home/vboxuser/Documents/SCOPE-QL/db-hello/db-cpp/default/cache/version does not exist
[2025-10-07 20:07:36] Tuple pool not found. Clearing relations with cached strings
[2025-10-07 20:07:36] Trimming disk cache at /home/vboxuser/Documents/SCOPE-QL/db-hello/db-cpp/default/cache in mode clear.
[2025-10-07 20:07:36] Sequence stamp origin is -5995203730320660062
[2025-10-07 20:07:36] Pausing evaluation to hard-clear memory at sequence stamp o+0
[2025-10-07 20:07:36] Unpausing evaluation
[2025-10-07 20:07:36] Pausing evaluation to quickly trim disk at sequence stamp o+1
[2025-10-07 20:07:36] Unpausing evaluation
[2025-10-07 20:07:36] Pausing evaluation to zealously trim disk at sequence stamp o+2
[2025-10-07 20:07:36] Unpausing evaluation
[2025-10-07 20:07:36] Trimming completed (18ms): Purged everything.
[2025-10-07 20:07:36] Scanning for files in /home/vboxuser/Documents/SCOPE-QL/db-hello/trap/cpp
[2025-10-07 20:07:36] Found 3 files on disk containing 27 TRAP files (141.24 KiB)
[2025-10-07 20:07:36] [PROGRESS] dataset import> Importing TRAP files
[2025-10-07 20:07:36] Importing cpp_predefined.acb19af8.trap (hello.c.ec0c7537_0.trap.tar.zst) (1 of 27)
[2025-10-07 20:07:36] Importing stdc-predef.h.c6e479d9.trap (hello.c.ec0c7537_0.trap.tar.zst) (2 of 27)
[2025-10-07 20:07:36] Importing wordsize.h.92468457.trap (hello.c.ec0c7537_0.trap.tar.zst) (3 of 27)
[2025-10-07 20:07:36] Importing long-double.h.50566853.trap (hello.c.ec0c7537_0.trap.tar.zst) (4 of 27)
[2025-10-07 20:07:36] Importing cdefs.h.3428dfb8.trap (hello.c.ec0c7537_0.trap.tar.zst) (5 of 27)
[2025-10-07 20:07:37] Importing stubs-64.h.c6e479d9.trap (hello.c.ec0c7537_0.trap.tar.zst) (6 of 27)
[2025-10-07 20:07:37] Importing stubs.h.5a6a849c.trap (hello.c.ec0c7537_0.trap.tar.zst) (7 of 27)
[2025-10-07 20:07:37] Importing features.h.27175dc2.trap (hello.c.ec0c7537_0.trap.tar.zst) (8 of 27)
[2025-10-07 20:07:37] Importing libc-header-start.h.76eb6559.trap (hello.c.ec0c7537_0.trap.tar.zst) (9 of 27)
[2025-10-07 20:07:37] Importing stddef.h.6c243f84.trap (hello.c.ec0c7537_0.trap.tar.zst) (10 of 27)
[2025-10-07 20:07:37] Importing stdarg.h.e8125ffe.trap (hello.c.ec0c7537_0.trap.tar.zst) (11 of 27)
[2025-10-07 20:07:37] Importing timesize.h.d3aeb4fe.trap (hello.c.ec0c7537_0.trap.tar.zst) (12 of 27)
[2025-10-07 20:07:37] Importing typesizes.h.f8f8da78.trap (hello.c.ec0c7537_0.trap.tar.zst) (13 of 27)
[2025-10-07 20:07:37] Importing time64.h.cce3d83f.trap (hello.c.ec0c7537_0.trap.tar.zst) (14 of 27)
[2025-10-07 20:07:37] Importing types.h.902c8f4c.trap (hello.c.ec0c7537_0.trap.tar.zst) (15 of 27)
[2025-10-07 20:07:37] Importing __mbstate_t.h.b1f40817.trap (hello.c.ec0c7537_0.trap.tar.zst) (16 of 27)
[2025-10-07 20:07:37] Importing __fpos_t.h.dde02094.trap (hello.c.ec0c7537_0.trap.tar.zst) (17 of 27)
[2025-10-07 20:07:37] Importing __fpos64_t.h.21eff4ef.trap (hello.c.ec0c7537_0.trap.tar.zst) (18 of 27)
[2025-10-07 20:07:37] Importing __FILE.h.d32fb3ec.trap (hello.c.ec0c7537_0.trap.tar.zst) (19 of 27)
[2025-10-07 20:07:37] Importing FILE.h.2ceeadb2.trap (hello.c.ec0c7537_0.trap.tar.zst) (20 of 27)
[2025-10-07 20:07:37] Importing struct_FILE.h.01dfde7a.trap (hello.c.ec0c7537_0.trap.tar.zst) (21 of 27)
[2025-10-07 20:07:37] Importing stdio_lim.h.1d55b12d.trap (hello.c.ec0c7537_0.trap.tar.zst) (22 of 27)
[2025-10-07 20:07:37] Importing sys_errlist.h.3bd79cab.trap (hello.c.ec0c7537_0.trap.tar.zst) (23 of 27)
[2025-10-07 20:07:37] Importing stdio.h.81e7394e.trap (hello.c.ec0c7537_0.trap.tar.zst) (24 of 27)
[2025-10-07 20:07:37] Importing hello.c.ec0c7537.trap (hello.c.ec0c7537_0.trap.tar.zst) (25 of 27)
[2025-10-07 20:07:37] Importing 24351580_0.trap.zst (26 of 27)
[2025-10-07 20:07:37] Importing sourceLocationPrefix.trap.gz (27 of 27)
[2025-10-07 20:07:37] [PROGRESS] dataset import> Merging relations
[2025-10-07 20:07:37] Merging 1 fragment for 'builtintypes'.
[2025-10-07 20:07:37] Merged 1344 bytes (1.31 KiB) for 'builtintypes'.
[2025-10-07 20:07:37] Merging 1 fragment for 'unspecifiedtype'.
[2025-10-07 20:07:37] Merged 1432 bytes (1.40 KiB) for 'unspecifiedtype'.
[2025-10-07 20:07:37] Merging 1 fragment for 'files'.
[2025-10-07 20:07:37] Merged 200 bytes for 'files'.
[2025-10-07 20:07:37] Merging 1 fragment for 'locations_default'.
[2025-10-07 20:07:37] Merged 59256 bytes (57.87 KiB) for 'locations_default'.
[2025-10-07 20:07:37] Merging 1 fragment for 'link_targets'.
[2025-10-07 20:07:37] Merged 8 bytes for 'link_targets'.
[2025-10-07 20:07:37] Merging 1 fragment for 'locations_stmt'.
[2025-10-07 20:07:37] Merged 96 bytes for 'locations_stmt'.
[2025-10-07 20:07:37] Merging 1 fragment for 'locations_expr'.
[2025-10-07 20:07:37] Merged 864 bytes for 'locations_expr'.
[2025-10-07 20:07:37] Merging 1 fragment for 'usertypes'.
[2025-10-07 20:07:37] Merged 1020 bytes for 'usertypes'.
[2025-10-07 20:07:37] Merging 1 fragment for 'link_parent'.
[2025-10-07 20:07:37] Merged 808 bytes for 'link_parent'.
[2025-10-07 20:07:37] Merging 1 fragment for 'usertypesize'.
[2025-10-07 20:07:37] Merged 84 bytes for 'usertypesize'.
[2025-10-07 20:07:37] Merging 1 fragment for 'is_pod_class'.
[2025-10-07 20:07:37] Merged 28 bytes for 'is_pod_class'.
[2025-10-07 20:07:37] Merging 1 fragment for 'is_standard_layout_class'.
[2025-10-07 20:07:37] Merged 28 bytes for 'is_standard_layout_class'.
[2025-10-07 20:07:37] Merging 1 fragment for 'is_complete'.
[2025-10-07 20:07:37] Merged 28 bytes for 'is_complete'.
[2025-10-07 20:07:37] Merging 1 fragment for 'membervariables'.
[2025-10-07 20:07:37] Merged 504 bytes for 'membervariables'.
[2025-10-07 20:07:37] Merging 1 fragment for 'fieldoffsets'.
[2025-10-07 20:07:37] Merged 504 bytes for 'fieldoffsets'.
[2025-10-07 20:07:37] Merging 1 fragment for 'var_decls'.
[2025-10-07 20:07:37] Merged 4360 bytes (4.26 KiB) for 'var_decls'.
[2025-10-07 20:07:37] Merging 1 fragment for 'var_def'.
[2025-10-07 20:07:37] Merged 168 bytes for 'var_def'.
[2025-10-07 20:07:37] Merging 1 fragment for 'derivedtypes'.
[2025-10-07 20:07:37] Merged 592 bytes for 'derivedtypes'.
[2025-10-07 20:07:37] Merging 1 fragment for 'pointerishsize'.
[2025-10-07 20:07:37] Merged 204 bytes for 'pointerishsize'.
[2025-10-07 20:07:37] Merging 1 fragment for 'member'.
[2025-10-07 20:07:37] Merged 504 bytes for 'member'.
[2025-10-07 20:07:37] Merging 1 fragment for 'namespaces'.
[2025-10-07 20:07:37] Merged 8 bytes for 'namespaces'.
[2025-10-07 20:07:37] Merging 1 fragment for 'specialnamequalifyingelements'.
[2025-10-07 20:07:37] Merged 8 bytes for 'specialnamequalifyingelements'.
[2025-10-07 20:07:37] Merging 1 fragment for 'mangled_name'.
[2025-10-07 20:07:37] Merged 2064 bytes (2.02 KiB) for 'mangled_name'.
[2025-10-07 20:07:37] Merging 1 fragment for 'specifiers'.
[2025-10-07 20:07:37] Merged 424 bytes for 'specifiers'.
[2025-10-07 20:07:37] Merging 1 fragment for 'numlines'.
[2025-10-07 20:07:37] Merged 400 bytes for 'numlines'.
[2025-10-07 20:07:37] Merging 1 fragment for 'preprocdirects'.
[2025-10-07 20:07:37] Merged 12936 bytes (12.63 KiB) for 'preprocdirects'.
[2025-10-07 20:07:37] Merging 1 fragment for 'preproctext'.
[2025-10-07 20:07:37] Merged 7980 bytes (7.79 KiB) for 'preproctext'.
[2025-10-07 20:07:37] Merging 1 fragment for 'preprocfalse'.
[2025-10-07 20:07:37] Merged 372 bytes for 'preprocfalse'.
[2025-10-07 20:07:37] Merging 1 fragment for 'macroinvocations'.
[2025-10-07 20:07:37] Merged 7856 bytes (7.67 KiB) for 'macroinvocations'.
[2025-10-07 20:07:37] Merging 1 fragment for 'comments'.
[2025-10-07 20:07:37] Merged 5448 bytes (5.32 KiB) for 'comments'.
[2025-10-07 20:07:37] Merging 1 fragment for 'commentbinding'.
[2025-10-07 20:07:37] Merged 3448 bytes (3.37 KiB) for 'commentbinding'.
[2025-10-07 20:07:37] Merging 1 fragment for 'containerparent'.
[2025-10-07 20:07:37] Merged 320 bytes for 'containerparent'.
[2025-10-07 20:07:37] Merging 1 fragment for 'folders'.
[2025-10-07 20:07:37] Merged 136 bytes for 'folders'.
[2025-10-07 20:07:37] Merging 1 fragment for 'preprocpair'.
[2025-10-07 20:07:37] Merged 3360 bytes (3.28 KiB) for 'preprocpair'.
[2025-10-07 20:07:37] Merging 1 fragment for 'preproctrue'.
[2025-10-07 20:07:37] Merged 584 bytes for 'preproctrue'.
[2025-10-07 20:07:37] Merging 1 fragment for 'includes'.
[2025-10-07 20:07:37] Merged 232 bytes for 'includes'.
[2025-10-07 20:07:37] Merging 1 fragment for 'macro_argument_unexpanded'.
[2025-10-07 20:07:37] Merged 1368 bytes (1.34 KiB) for 'macro_argument_unexpanded'.
[2025-10-07 20:07:37] Merging 1 fragment for 'macro_argument_expanded'.
[2025-10-07 20:07:37] Merged 1368 bytes (1.34 KiB) for 'macro_argument_expanded'.
[2025-10-07 20:07:37] Merging 1 fragment for 'macroparent'.
[2025-10-07 20:07:37] Merged 1352 bytes (1.32 KiB) for 'macroparent'.
[2025-10-07 20:07:37] Merging 1 fragment for 'typedefbase'.
[2025-10-07 20:07:37] Merged 592 bytes for 'typedefbase'.
[2025-10-07 20:07:37] Merging 1 fragment for 'type_decls'.
[2025-10-07 20:07:37] Merged 1032 bytes (1.01 KiB) for 'type_decls'.
[2025-10-07 20:07:37] Merging 1 fragment for 'type_decl_top'.
[2025-10-07 20:07:37] Merged 324 bytes for 'type_decl_top'.
[2025-10-07 20:07:37] Merging 1 fragment for 'arraysizes'.
[2025-10-07 20:07:37] Merged 96 bytes for 'arraysizes'.
[2025-10-07 20:07:37] Merging 1 fragment for 'type_mentions'.
[2025-10-07 20:07:37] Merged 2064 bytes (2.02 KiB) for 'type_mentions'.
[2025-10-07 20:07:37] Merging 1 fragment for 'type_def'.
[2025-10-07 20:07:37] Merged 24 bytes for 'type_def'.
[2025-10-07 20:07:37] Merging 1 fragment for 'values'.
[2025-10-07 20:07:37] Merged 288 bytes for 'values'.
[2025-10-07 20:07:37] Merging 1 fragment for 'exprs'.
[2025-10-07 20:07:37] Merged 468 bytes for 'exprs'.
[2025-10-07 20:07:37] Merging 1 fragment for 'expr_types'.
[2025-10-07 20:07:37] Merged 468 bytes for 'expr_types'.
[2025-10-07 20:07:37] Merging 1 fragment for 'valuebind'.
[2025-10-07 20:07:37] Merged 288 bytes for 'valuebind'.
[2025-10-07 20:07:37] Merging 1 fragment for 'inmacroexpansion'.
[2025-10-07 20:07:37] Merged 64 bytes for 'inmacroexpansion'.
[2025-10-07 20:07:37] Merging 1 fragment for 'macrolocationbind'.
[2025-10-07 20:07:37] Merged 8 bytes for 'macrolocationbind'.
[2025-10-07 20:07:37] Merging 1 fragment for 'varspecifiers'.
[2025-10-07 20:07:37] Merged 344 bytes for 'varspecifiers'.
[2025-10-07 20:07:37] Merging 1 fragment for 'valuetext'.
[2025-10-07 20:07:37] Merged 280 bytes for 'valuetext'.
[2025-10-07 20:07:37] Merging 1 fragment for 'compgenerated'.
[2025-10-07 20:07:37] Merged 16 bytes for 'compgenerated'.
[2025-10-07 20:07:37] Merging 1 fragment for 'sizeof_bind'.
[2025-10-07 20:07:37] Merged 24 bytes for 'sizeof_bind'.
[2025-10-07 20:07:37] Merging 1 fragment for 'exprconv'.
[2025-10-07 20:07:37] Merged 32 bytes for 'exprconv'.
[2025-10-07 20:07:37] Merging 1 fragment for 'conversionkinds'.
[2025-10-07 20:07:37] Merged 24 bytes for 'conversionkinds'.
[2025-10-07 20:07:37] Merging 1 fragment for 'exprparents'.
[2025-10-07 20:07:37] Merged 132 bytes for 'exprparents'.
[2025-10-07 20:07:37] Merging 1 fragment for 'globalvariables'.
[2025-10-07 20:07:37] Merged 60 bytes for 'globalvariables'.
[2025-10-07 20:07:37] Merging 1 fragment for 'var_decl_specifiers'.
[2025-10-07 20:07:37] Merged 40 bytes for 'var_decl_specifiers'.
[2025-10-07 20:07:37] Merging 1 fragment for 'typespecifiers'.
[2025-10-07 20:07:37] Merged 104 bytes for 'typespecifiers'.
[2025-10-07 20:07:37] Merging 1 fragment for 'functions'.
[2025-10-07 20:07:37] Merged 1020 bytes for 'functions'.
[2025-10-07 20:07:37] Merging 1 fragment for 'function_return_type'.
[2025-10-07 20:07:37] Merged 680 bytes for 'function_return_type'.
[2025-10-07 20:07:37] Merging 1 fragment for 'function_prototyped'.
[2025-10-07 20:07:37] Merged 336 bytes for 'function_prototyped'.
[2025-10-07 20:07:37] Merging 1 fragment for 'params'.
[2025-10-07 20:07:37] Merged 2528 bytes (2.47 KiB) for 'params'.
[2025-10-07 20:07:37] Merging 1 fragment for 'fun_decls'.
[2025-10-07 20:07:37] Merged 1820 bytes (1.78 KiB) for 'fun_decls'.
[2025-10-07 20:07:37] Merging 1 fragment for 'fun_decl_specifiers'.
[2025-10-07 20:07:37] Merged 1472 bytes (1.44 KiB) for 'fun_decl_specifiers'.
[2025-10-07 20:07:37] Merging 1 fragment for 'param_decl_bind'.
[2025-10-07 20:07:37] Merged 2052 bytes (2.00 KiB) for 'param_decl_bind'.
[2025-10-07 20:07:37] Merging 1 fragment for 'funspecifiers'.
[2025-10-07 20:07:37] Merged 736 bytes for 'funspecifiers'.
[2025-10-07 20:07:37] Merging 1 fragment for 'attributes'.
[2025-10-07 20:07:37] Merged 1460 bytes (1.43 KiB) for 'attributes'.
[2025-10-07 20:07:37] Merging 1 fragment for 'funcattributes'.
[2025-10-07 20:07:37] Merged 584 bytes for 'funcattributes'.
[2025-10-07 20:07:37] Merging 1 fragment for 'attribute_arg_value'.
[2025-10-07 20:07:37] Merged 80 bytes for 'attribute_arg_value'.
[2025-10-07 20:07:37] Merging 1 fragment for 'attribute_args'.
[2025-10-07 20:07:37] Merged 600 bytes for 'attribute_args'.
[2025-10-07 20:07:37] Merging 1 fragment for 'attribute_arg_constant'.
[2025-10-07 20:07:37] Merged 160 bytes for 'attribute_arg_constant'.
[2025-10-07 20:07:37] Merging 1 fragment for 'extractor_version'.
[2025-10-07 20:07:37] Merged 8 bytes for 'extractor_version'.
[2025-10-07 20:07:37] Merging 1 fragment for 'fileannotations'.
[2025-10-07 20:07:37] Merged 400 bytes for 'fileannotations'.
[2025-10-07 20:07:37] Merging 1 fragment for 'fun_def'.
[2025-10-07 20:07:37] Merged 4 bytes for 'fun_def'.
[2025-10-07 20:07:37] Merging 1 fragment for 'stmts'.
[2025-10-07 20:07:37] Merged 36 bytes for 'stmts'.
[2025-10-07 20:07:37] Merging 1 fragment for 'routinetypes'.
[2025-10-07 20:07:37] Merged 8 bytes for 'routinetypes'.
[2025-10-07 20:07:37] Merging 1 fragment for 'routinetypeargs'.
[2025-10-07 20:07:37] Merged 24 bytes for 'routinetypeargs'.
[2025-10-07 20:07:37] Merging 1 fragment for 'funbind'.
[2025-10-07 20:07:37] Merged 8 bytes for 'funbind'.
[2025-10-07 20:07:37] Merging 1 fragment for 'stmtparents'.
[2025-10-07 20:07:37] Merged 24 bytes for 'stmtparents'.
[2025-10-07 20:07:37] Merging 1 fragment for 'blockscope'.
[2025-10-07 20:07:37] Merged 8 bytes for 'blockscope'.
[2025-10-07 20:07:37] Merging 1 fragment for 'function_entry_point'.
[2025-10-07 20:07:37] Merged 8 bytes for 'function_entry_point'.
[2025-10-07 20:07:37] Merging 1 fragment for 'iscall'.
[2025-10-07 20:07:37] Merged 8 bytes for 'iscall'.
[2025-10-07 20:07:37] Merging 1 fragment for 'compilations'.
[2025-10-07 20:07:37] Merged 8 bytes for 'compilations'.
[2025-10-07 20:07:37] Merging 1 fragment for 'compilation_args'.
[2025-10-07 20:07:37] Merged 264 bytes for 'compilation_args'.
[2025-10-07 20:07:37] Merging 1 fragment for 'compilation_compiling_files'.
[2025-10-07 20:07:37] Merged 12 bytes for 'compilation_compiling_files'.
[2025-10-07 20:07:37] Merging 1 fragment for 'compilation_time'.
[2025-10-07 20:07:37] Merged 80 bytes for 'compilation_time'.
[2025-10-07 20:07:37] Merging 1 fragment for 'compilation_finished'.
[2025-10-07 20:07:37] Merged 20 bytes for 'compilation_finished'.
[2025-10-07 20:07:37] Merging 1 fragment for 'sourceLocationPrefix'.
[2025-10-07 20:07:37] Merged 4 bytes for 'sourceLocationPrefix'.
[2025-10-07 20:07:37] Saving string and id pools to disk.
[2025-10-07 20:07:37] Finished importing TRAP files.
[2025-10-07 20:07:37] Read 1005.08 KiB of uncompressed TRAP data.
[2025-10-07 20:07:37] Relation data size: 139.57 KiB (merge rate: 4.12 MiB/s)
[2025-10-07 20:07:37] String pool size: 2.08 MiB
[2025-10-07 20:07:37] ID pool size: 1.19 MiB
[2025-10-07 20:07:37] [PROGRESS] dataset import> Finished writing database (relations: 139.57 KiB; string pool: 2.08 MiB).
[2025-10-07 20:07:37] Pausing evaluation to close the cache at sequence stamp o+185
[2025-10-07 20:07:37] The disk cache is freshly trimmed; leave it be.
[2025-10-07 20:07:37] Unpausing evaluation
[2025-10-07 20:07:37] Plumbing command codeql dataset import completed.
[2025-10-07 20:07:37] [PROGRESS] database finalize> TRAP import complete (879ms).
[2025-10-07 20:07:37] Running plumbing command: codeql database cleanup -- /home/vboxuser/Documents/SCOPE-QL/db-hello
[2025-10-07 20:07:37] [PROGRESS] database cleanup> Cleaning up existing TRAP files after import...
[2025-10-07 20:07:37] [PROGRESS] database cleanup> TRAP files cleaned up (1ms).
[2025-10-07 20:07:37] [PROGRESS] database cleanup> Cleaning up scratch directory...
[2025-10-07 20:07:37] [PROGRESS] database cleanup> Scratch directory cleaned up (10ms).
[2025-10-07 20:07:37] Running plumbing command: codeql dataset cleanup -- /home/vboxuser/Documents/SCOPE-QL/db-hello/db-cpp
[2025-10-07 20:07:37] [PROGRESS] dataset cleanup> Cleaning up dataset in /home/vboxuser/Documents/SCOPE-QL/db-hello/db-cpp.
[2025-10-07 20:07:37] Trimming disk cache at /home/vboxuser/Documents/SCOPE-QL/db-hello/db-cpp/default/cache in mode trim.
[2025-10-07 20:07:37] Sequence stamp origin is -5995203726842882231
[2025-10-07 20:07:37] Pausing evaluation to quickly trim memory at sequence stamp o+0
[2025-10-07 20:07:37] Unpausing evaluation
[2025-10-07 20:07:37] Pausing evaluation to zealously trim disk at sequence stamp o+1
[2025-10-07 20:07:37] Unpausing evaluation
[2025-10-07 20:07:37] Trimming completed (2ms): Trimmed disposable data from cache.
[2025-10-07 20:07:37] Pausing evaluation to close the cache at sequence stamp o+2
[2025-10-07 20:07:37] The disk cache is freshly trimmed; leave it be.
[2025-10-07 20:07:37] Unpausing evaluation
[2025-10-07 20:07:37] [PROGRESS] dataset cleanup> Trimmed disposable data from cache.
[2025-10-07 20:07:37] [PROGRESS] dataset cleanup> Finalizing dataset in /home/vboxuser/Documents/SCOPE-QL/db-hello/db-cpp
[2025-10-07 20:07:37] [DETAILS] dataset cleanup> Finished deleting ID pool from /home/vboxuser/Documents/SCOPE-QL/db-hello/db-cpp (1ms).
[2025-10-07 20:07:37] Plumbing command codeql dataset cleanup completed.
[2025-10-07 20:07:37] Plumbing command codeql database cleanup completed with status 0.
[2025-10-07 20:07:37] [PROGRESS] database finalize> Finished zipping source archive (38.94 KiB).
[2025-10-07 20:07:37] Plumbing command codeql database finalize completed.
[2025-10-07 20:07:37] [PROGRESS] database create> Successfully created database at /home/vboxuser/Documents/SCOPE-QL/db-hello.
[2025-10-07 20:07:37] Terminating normally.
