[2025-10-06 15:35:20] This is codeql database create db-hello --language=cpp --overwrite --command=gcc -c hello.c
[2025-10-06 15:35:20] Log file was started late.
[2025-10-06 15:35:20] [PROGRESS] database create> Initializing database at /home/vboxuser/Documents/SCOPE-QL/db-hello.
[2025-10-06 15:35:20] Running plumbing command: codeql database init --overwrite --language=cpp --extractor-options-verbosity=1 --qlconfig-file=/home/vboxuser/Documents/SCOPE-QL/qlconfig.yml --source-root=/home/vboxuser/Documents/SCOPE-QL --allow-missing-source-root=false --allow-already-existing -- /home/vboxuser/Documents/SCOPE-QL/db-hello
[2025-10-06 15:35:20] Calling plumbing command: codeql resolve languages --extractor-options-verbosity=1 --format=betterjson
[2025-10-06 15:35:20] [DETAILS] resolve languages> Scanning for [codeql-extractor.yml] from /home/vboxuser/codeql-home/codeql/.codeqlmanifest.json
[2025-10-06 15:35:20] [DETAILS] resolve languages> Parsing /home/vboxuser/codeql-home/codeql/swift/codeql-extractor.yml.
[2025-10-06 15:35:20] [DETAILS] resolve languages> Parsing /home/vboxuser/codeql-home/codeql/cpp/codeql-extractor.yml.
[2025-10-06 15:35:20] [DETAILS] resolve languages> Parsing /home/vboxuser/codeql-home/codeql/rust/codeql-extractor.yml.
[2025-10-06 15:35:20] [DETAILS] resolve languages> Parsing /home/vboxuser/codeql-home/codeql/xml/codeql-extractor.yml.
[2025-10-06 15:35:20] [DETAILS] resolve languages> Parsing /home/vboxuser/codeql-home/codeql/javascript/codeql-extractor.yml.
[2025-10-06 15:35:20] [DETAILS] resolve languages> Parsing /home/vboxuser/codeql-home/codeql/ruby/codeql-extractor.yml.
[2025-10-06 15:35:20] [DETAILS] resolve languages> Parsing /home/vboxuser/codeql-home/codeql/go/codeql-extractor.yml.
[2025-10-06 15:35:20] [DETAILS] resolve languages> Parsing /home/vboxuser/codeql-home/codeql/html/codeql-extractor.yml.
[2025-10-06 15:35:20] [DETAILS] resolve languages> Parsing /home/vboxuser/codeql-home/codeql/properties/codeql-extractor.yml.
[2025-10-06 15:35:20] [DETAILS] resolve languages> Parsing /home/vboxuser/codeql-home/codeql/python/codeql-extractor.yml.
[2025-10-06 15:35:20] [DETAILS] resolve languages> Parsing /home/vboxuser/codeql-home/codeql/actions/codeql-extractor.yml.
[2025-10-06 15:35:20] [DETAILS] resolve languages> Parsing /home/vboxuser/codeql-home/codeql/yaml/codeql-extractor.yml.
[2025-10-06 15:35:20] [DETAILS] resolve languages> Parsing /home/vboxuser/codeql-home/codeql/java/codeql-extractor.yml.
[2025-10-06 15:35:20] [DETAILS] resolve languages> Parsing /home/vboxuser/codeql-home/codeql/csv/codeql-extractor.yml.
[2025-10-06 15:35:20] [DETAILS] resolve languages> Parsing /home/vboxuser/codeql-home/codeql/csharp/codeql-extractor.yml.
[2025-10-06 15:35:20] Plumbing command codeql resolve languages completed:
                      {
                        "aliases" : {
                          "c" : "cpp",
                          "c++" : "cpp",
                          "c-c++" : "cpp",
                          "c-cpp" : "cpp",
                          "c#" : "csharp",
                          "java-kotlin" : "java",
                          "kotlin" : "java",
                          "javascript-typescript" : "javascript",
                          "typescript" : "javascript"
                        },
                        "extractors" : {
                          "swift" : [
                            {
                              "extractor_root" : "/home/vboxuser/codeql-home/codeql/swift"
                            }
                          ],
                          "cpp" : [
                            {
                              "extractor_root" : "/home/vboxuser/codeql-home/codeql/cpp",
                              "extractor_options" : {
                                "scale_timeouts" : {
                                  "title" : "Value to scale compiler introspection timeouts with",
                                  "description" : "The extractor attempts to determine what compiler the source code being extracted is compiled with. To this end the extractor makes additional calls to the compiler, some of which are expected to return within a certain fixed time (either 10s or 15s). On some systems that are under high load this time might be too short, and can be scaled up using this option.\n",
                                  "type" : "string",
                                  "pattern" : "[0-9]+"
                                },
                                "log_verbosity" : {
                                  "title" : "Verbosity of the extractor logging",
                                  "description" : "Set the verbosity of the extractor logging to 'quiet' (0), 'normal' (1), 'chatty' (2), or 'noisy' (3). The default is 'normal'.\n",
                                  "type" : "string",
                                  "pattern" : "[0-3]"
                                }
                              }
                            }
                          ],
                          "rust" : [
                            {
                              "extractor_root" : "/home/vboxuser/codeql-home/codeql/rust",
                              "extractor_options" : {
                                "trap" : {
                                  "title" : "Options pertaining to TRAP.",
                                  "description" : "Options pertaining to TRAP.",
                                  "type" : "object",
                                  "properties" : {
                                    "compression" : {
                                      "title" : "Controls compression for the TRAP files written by the extractor.",
                                      "description" : "This option is only intended for use in debugging the extractor. Accepted values are 'gzip' (to write gzip-compressed TRAP) 'zstd' (to write Zstandard-compressed TRAP) and 'none' (the default, to write uncompressed TRAP).\n",
                                      "type" : "string",
                                      "pattern" : "^(none|gzip|zstd)$"
                                    }
                                  }
                                },
                                "cargo_target_dir" : {
                                  "title" : "Directory to use for cargo output files.",
                                  "description" : "This value is an optional path to use as `CARGO_TARGET_DIR` for the internal cargo commands the extractor uses. Pointing it to a persistent directory may reduce execution time of consecutive extractor runs. By default, a new scratch directory is used for each run.\n",
                                  "type" : "string"
                                },
                                "cargo_target" : {
                                  "title" : "Target architecture",
                                  "description" : "Target architecture to use for analysis, analogous to `cargo --target`. By default the host architecture is used.\n",
                                  "type" : "string"
                                },
                                "cargo_features" : {
                                  "title" : "Cargo features to turn on",
                                  "description" : "Comma-separated list of features to turn on. By default all features are enabled. If any features are specified, then only those features are enabled. The `default` feature must be explicitly specified if only default features are desired. Can be repeated.\n",
                                  "type" : "array"
                                },
                                "cargo_cfg_overrides" : {
                                  "title" : "Cargo cfg overrides",
                                  "description" : "Comma-separated list of cfg settings to enable, or disable if prefixed with `-`. Can be repeated.\n",
                                  "type" : "array"
                                },
                                "logging" : {
                                  "title" : "Options pertaining to logging.",
                                  "description" : "Options pertaining to logging.",
                                  "type" : "object",
                                  "properties" : {
                                    "verbosity" : {
                                      "title" : "Extractor logging verbosity level.",
                                      "description" : "Controls the level of verbosity of the extractor. The supported levels are (in order of increasing verbosity):\n  - off\n  - errors\n  - warnings\n  - info or progress\n  - debug or progress+\n  - trace or progress++\n  - progress+++\n",
                                      "type" : "string",
                                      "pattern" : "^(off|errors|warnings|(info|progress)|(debug|progress\\+)|(trace|progress\\+\\+)|progress\\+\\+\\+)$"
                                    },
                                    "flamegraph" : {
                                      "title" : "[Experimental] File path for write flame graph log",
                                      "description" : "Collect flame graph data using the `tracing-flame` crate. To render a flame graph or chart, run the `inferno-flamegraph` command. See also: https://crates.io/crates/tracing-flame\n",
                                      "type" : "string"
                                    }
                                  }
                                },
                                "extract_dependencies_as_source" : {
                                  "title" : "Extract dependencies as source code",
                                  "description" : "Extract the full source code of dependencies instead of only extracting signatures.\n",
                                  "type" : "string",
                                  "pattern" : "^(false|true)$"
                                }
                              }
                            }
                          ],
                          "xml" : [
                            {
                              "extractor_root" : "/home/vboxuser/codeql-home/codeql/xml"
                            }
                          ],
                          "javascript" : [
                            {
                              "extractor_root" : "/home/vboxuser/codeql-home/codeql/javascript",
                              "extractor_options" : {
                                "skip_types" : {
                                  "title" : "Skip type extraction for TypeScript",
                                  "description" : "Whether to skip the extraction of types in a TypeScript application",
                                  "type" : "string",
                                  "pattern" : "^(false|true)$"
                                }
                              }
                            }
                          ],
                          "ruby" : [
                            {
                              "extractor_root" : "/home/vboxuser/codeql-home/codeql/ruby",
                              "extractor_options" : {
                                "trap" : {
                                  "title" : "Options pertaining to TRAP.",
                                  "description" : "Options pertaining to TRAP.",
                                  "type" : "object",
                                  "properties" : {
                                    "compression" : {
                                      "title" : "Controls compression for the TRAP files written by the extractor.",
                                      "description" : "This option is only intended for use in debugging the extractor. Accepted values are 'gzip' (the default, to write gzip-compressed TRAP) 'zstd' (to write Zstandard-compressed TRAP) and 'none' (to write uncompressed TRAP).\n",
                                      "type" : "string",
                                      "pattern" : "^(none|gzip|zstd)$"
                                    }
                                  }
                                }
                              }
                            }
                          ],
                          "go" : [
                            {
                              "extractor_root" : "/home/vboxuser/codeql-home/codeql/go",
                              "extractor_options" : {
                                "extract_tests" : {
                                  "title" : "Whether to include Go test files in the CodeQL database.",
                                  "description" : "A value indicating whether Go test files should be included in the CodeQL database. The default is 'false'.\n",
                                  "type" : "string",
                                  "pattern" : "^(false|true)$"
                                },
                                "extract_vendor_dirs" : {
                                  "title" : "Whether to include Go vendor directories in the CodeQL database.",
                                  "description" : "A value indicating whether Go vendor directories should be included in the CodeQL database. The default is 'false'.\n",
                                  "type" : "string",
                                  "pattern" : "^(false|true)$"
                                }
                              }
                            }
                          ],
                          "html" : [
                            {
                              "extractor_root" : "/home/vboxuser/codeql-home/codeql/html"
                            }
                          ],
                          "properties" : [
                            {
                              "extractor_root" : "/home/vboxuser/codeql-home/codeql/properties"
                            }
                          ],
                          "python" : [
                            {
                              "extractor_root" : "/home/vboxuser/codeql-home/codeql/python",
                              "extractor_options" : {
                                "logging" : {
                                  "title" : "Options pertaining to logging.",
                                  "description" : "Options pertaining to logging.",
                                  "type" : "object",
                                  "properties" : {
                                    "verbosity" : {
                                      "title" : "Python extractor logging verbosity level.",
                                      "description" : "Controls the level of verbosity of the CodeQL Python extractor.\nThe supported levels are (in order of increasing verbosity):\n\n  - off\n  - errors\n  - warnings\n  - info or progress\n  - debug or progress+\n  - trace or progress++\n  - progress+++\n",
                                      "type" : "string",
                                      "pattern" : "^(off|errors|warnings|(info|progress)|(debug|progress\\+)|(trace|progress\\+\\+)|progress\\+\\+\\+)$"
                                    }
                                  }
                                },
                                "python_executable_name" : {
                                  "title" : "Controls the name of the Python executable used by the Python extractor.",
                                  "description" : "The Python extractor uses platform-dependent heuristics to determine the name of the Python executable to use. Specifying a value for this option overrides the name of the Python executable used by the extractor. Accepted values are py, python and python3. Use this setting with caution, the Python extractor requires Python 3 to run.\n",
                                  "type" : "string",
                                  "pattern" : "^(py|python|python3)$"
                                }
                              }
                            }
                          ],
                          "actions" : [
                            {
                              "extractor_root" : "/home/vboxuser/codeql-home/codeql/actions",
                              "extractor_options" : { }
                            }
                          ],
                          "yaml" : [
                            {
                              "extractor_root" : "/home/vboxuser/codeql-home/codeql/yaml"
                            }
                          ],
                          "java" : [
                            {
                              "extractor_root" : "/home/vboxuser/codeql-home/codeql/java",
                              "extractor_options" : {
                                "exclude" : {
                                  "title" : "A glob excluding files from analysis.",
                                  "description" : "A glob indicating what files to exclude from the analysis. This accepts glob patterns that are supported by Java's 'getPathMatcher' implementation.\n",
                                  "type" : "string"
                                },
                                "add_prefer_source" : {
                                  "title" : "Whether to always prefer source files over class files.",
                                  "description" : "A value indicating whether source files should be preferred over class files. If set to 'true', the extraction adds '-Xprefer:source' to the javac command line. If set to 'false', the extraction uses the default javac behavior ('-Xprefer:newer'). The default is 'true'.\n",
                                  "type" : "string",
                                  "pattern" : "^(false|true)$"
                                },
                                "buildless" : {
                                  "title" : "Whether to use buildless (standalone) extraction (experimental).",
                                  "description" : "A value indicating, which type of extraction the autobuilder should perform. If 'true', then the standalone extractor will be used, otherwise tracing extraction will be performed. The default is 'false'. Note that buildless extraction will generally yield less accurate analysis results, and should only be used in cases where it is not possible to build the code (for example if it uses inaccessible dependencies).\n",
                                  "type" : "string",
                                  "pattern" : "^(false|true)$"
                                },
                                "buildless_dependency_dir" : {
                                  "title" : "The path where buildless (standalone) extraction should keep dependencies.",
                                  "description" : "If set, the buildless (standalone) extractor will store dependencies in this directory.\n",
                                  "type" : "string"
                                },
                                "minimize_dependency_jars" : {
                                  "title" : "Whether to rewrite and minimize downloaded JAR dependencies (experimental).",
                                  "description" : "If 'true', JAR dependencies downloaded during extraction will be rewritten to remove unneeded data, such as method bodies. The default is 'false'.\n",
                                  "type" : "string",
                                  "pattern" : "^(false|true)$"
                                }
                              }
                            }
                          ],
                          "csv" : [
                            {
                              "extractor_root" : "/home/vboxuser/codeql-home/codeql/csv"
                            }
                          ],
                          "csharp" : [
                            {
                              "extractor_root" : "/home/vboxuser/codeql-home/codeql/csharp",
                              "extractor_options" : {
                                "trap" : {
                                  "title" : "Options pertaining to TRAP.",
                                  "description" : "Options pertaining to TRAP.",
                                  "type" : "object",
                                  "properties" : {
                                    "compression" : {
                                      "title" : "Controls compression for the TRAP files written by the extractor.",
                                      "description" : "This option is only intended for use in debugging the extractor. Accepted values are 'brotli' (the default, to write brotli-compressed TRAP), 'gzip', and 'none' (to write uncompressed TRAP).\n",
                                      "type" : "string",
                                      "pattern" : "^(none|gzip|brotli)$"
                                    }
                                  }
                                },
                                "buildless" : {
                                  "title" : "DEPRECATED - Whether to use buildless (standalone) extraction.",
                                  "description" : "DEPRECATED: Use `--build-mode none` instead.\nA value indicating, which type of extraction the autobuilder should perform. If 'true', then the standalone extractor will be used, otherwise tracing extraction will be performed. The default is 'false'. Note that buildless extraction will generally yield less accurate analysis results, and should only be used in cases where it is not possible to build the code (for example if it uses inaccessible dependencies).\n",
                                  "type" : "string",
                                  "pattern" : "^(false|true)$"
                                },
                                "logging" : {
                                  "title" : "Options pertaining to logging.",
                                  "description" : "Options pertaining to logging.",
                                  "type" : "object",
                                  "properties" : {
                                    "verbosity" : {
                                      "title" : "Extractor logging verbosity level.",
                                      "description" : "Controls the level of verbosity of the extractor. The supported levels are (in order of increasing verbosity):\n  - off\n  - errors\n  - warnings\n  - info or progress\n  - debug or progress+\n  - trace or progress++\n  - progress+++\n",
                                      "type" : "string",
                                      "pattern" : "^(off|errors|warnings|(info|progress)|(debug|progress\\+)|(trace|progress\\+\\+)|progress\\+\\+\\+)$"
                                    }
                                  }
                                },
                                "binlog" : {
                                  "title" : "Binlog",
                                  "description" : "[EXPERIMENTAL] The value is a path to the MsBuild binary log file that should be extracted. This option only works when `--build-mode none` is also specified.\n",
                                  "type" : "array"
                                }
                              }
                            }
                          ]
                        }
                      }
[2025-10-06 15:35:20] [PROGRESS] database init> Calculating baseline information in /home/vboxuser/Documents/SCOPE-QL
[2025-10-06 15:35:20] [SPAMMY] database init> Ignoring the following directories when processing baseline information: .git, .hg, .svn.
[2025-10-06 15:35:20] [DETAILS] database init> Running command in /home/vboxuser/Documents/SCOPE-QL: /home/vboxuser/codeql-home/codeql/tools/linux64/scc --by-file --exclude-dir .git,.hg,.svn --format json --no-large --no-min .
[2025-10-06 15:35:21] Using configure-baseline script /home/vboxuser/codeql-home/codeql/actions/tools/configure-baseline.sh.
[2025-10-06 15:35:21] [PROGRESS] database init> Running command in /home/vboxuser/Documents/SCOPE-QL: [/home/vboxuser/codeql-home/codeql/actions/tools/configure-baseline.sh]
[2025-10-06 15:35:21] [SPAMMY] database init> Ignored an additional 2 files when processing baseline information for YAML due to paths and paths-ignore configuration.
[2025-10-06 15:35:21] [SPAMMY] database init> Found 3 baseline files for cpp.
[2025-10-06 15:35:21] [SPAMMY] database init> Found 0 baseline files for actions.
[2025-10-06 15:35:21] [PROGRESS] database init> Calculated baseline information for languages: actions, cpp (256ms).
[2025-10-06 15:35:21] [PROGRESS] database init> Resolving extractor cpp.
[2025-10-06 15:35:21] [DETAILS] database init> Found candidate extractor root for cpp: /home/vboxuser/codeql-home/codeql/cpp.
[2025-10-06 15:35:21] [PROGRESS] database init> Successfully loaded extractor C/C++ (cpp) from /home/vboxuser/codeql-home/codeql/cpp.
[2025-10-06 15:35:21] [PROGRESS] database init> Created skeleton CodeQL database at /home/vboxuser/Documents/SCOPE-QL/db-hello. This in-progress database is ready to be populated by an extractor.
[2025-10-06 15:35:21] Plumbing command codeql database init completed.
[2025-10-06 15:35:21] [PROGRESS] database create> Running build command: [gcc, -c, hello.c]
[2025-10-06 15:35:21] Running plumbing command: codeql database trace-command --working-dir=/home/vboxuser/Documents/SCOPE-QL --index-traceless-dbs --no-db-cluster -- /home/vboxuser/Documents/SCOPE-QL/db-hello gcc -c hello.c
[2025-10-06 15:35:21] [PROGRESS] database trace-command> Running command in /home/vboxuser/Documents/SCOPE-QL: [gcc, -c, hello.c]
[2025-10-06 15:35:22] Plumbing command codeql database trace-command completed.
[2025-10-06 15:35:22] [PROGRESS] database create> Finalizing database at /home/vboxuser/Documents/SCOPE-QL/db-hello.
[2025-10-06 15:35:22] Running plumbing command: codeql database finalize --no-db-cluster -- /home/vboxuser/Documents/SCOPE-QL/db-hello
[2025-10-06 15:35:22] Using pre-finalize script /home/vboxuser/codeql-home/codeql/cpp/tools/pre-finalize.sh.
[2025-10-06 15:35:22] [PROGRESS] database finalize> Running pre-finalize script /home/vboxuser/codeql-home/codeql/cpp/tools/pre-finalize.sh in /home/vboxuser/Documents/SCOPE-QL.
[2025-10-06 15:35:22] Running plumbing command: codeql database trace-command --working-dir=/home/vboxuser/Documents/SCOPE-QL --no-tracing -- /home/vboxuser/Documents/SCOPE-QL/db-hello /home/vboxuser/codeql-home/codeql/cpp/tools/pre-finalize.sh
[2025-10-06 15:35:22] [PROGRESS] database trace-command> Running command in /home/vboxuser/Documents/SCOPE-QL: [/home/vboxuser/codeql-home/codeql/cpp/tools/pre-finalize.sh]
[2025-10-06 15:35:22] Plumbing command codeql database trace-command completed.
[2025-10-06 15:35:22] [PROGRESS] database finalize> Pre-finalize script /home/vboxuser/codeql-home/codeql/cpp/tools/pre-finalize.sh completed in 127 ms.
[2025-10-06 15:35:22] [PROGRESS] database finalize> Running TRAP import for CodeQL database at /home/vboxuser/Documents/SCOPE-QL/db-hello...
[2025-10-06 15:35:22] Running plumbing command: codeql dataset import --dbscheme=/home/vboxuser/codeql-home/codeql/cpp/semmlecode.cpp.dbscheme -- /home/vboxuser/Documents/SCOPE-QL/db-hello/db-cpp /home/vboxuser/Documents/SCOPE-QL/db-hello/trap/cpp
[2025-10-06 15:35:23] Clearing disk cache since the version file /home/vboxuser/Documents/SCOPE-QL/db-hello/db-cpp/default/cache/version does not exist
[2025-10-06 15:35:23] Tuple pool not found. Clearing relations with cached strings
[2025-10-06 15:35:23] Trimming disk cache at /home/vboxuser/Documents/SCOPE-QL/db-hello/db-cpp/default/cache in mode clear.
[2025-10-06 15:35:23] Sequence stamp origin is -5995644967184677359
[2025-10-06 15:35:23] Pausing evaluation to hard-clear memory at sequence stamp o+0
[2025-10-06 15:35:23] Unpausing evaluation
[2025-10-06 15:35:23] Pausing evaluation to quickly trim disk at sequence stamp o+1
[2025-10-06 15:35:23] Unpausing evaluation
[2025-10-06 15:35:23] Pausing evaluation to zealously trim disk at sequence stamp o+2
[2025-10-06 15:35:23] Unpausing evaluation
[2025-10-06 15:35:23] Trimming completed (12ms): Purged everything.
[2025-10-06 15:35:23] Scanning for files in /home/vboxuser/Documents/SCOPE-QL/db-hello/trap/cpp
[2025-10-06 15:35:23] Found 3 files on disk containing 27 TRAP files (141.78 KiB)
[2025-10-06 15:35:23] [PROGRESS] dataset import> Importing TRAP files
[2025-10-06 15:35:23] Importing cpp_predefined.acb19af8.trap (hello.c.c48ef6a8_0.trap.tar.zst) (1 of 27)
[2025-10-06 15:35:24] Importing stdc-predef.h.c6e479d9.trap (hello.c.c48ef6a8_0.trap.tar.zst) (2 of 27)
[2025-10-06 15:35:24] Importing wordsize.h.92468457.trap (hello.c.c48ef6a8_0.trap.tar.zst) (3 of 27)
[2025-10-06 15:35:24] Importing long-double.h.50566853.trap (hello.c.c48ef6a8_0.trap.tar.zst) (4 of 27)
[2025-10-06 15:35:24] Importing cdefs.h.3428dfb8.trap (hello.c.c48ef6a8_0.trap.tar.zst) (5 of 27)
[2025-10-06 15:35:24] Importing stubs-64.h.c6e479d9.trap (hello.c.c48ef6a8_0.trap.tar.zst) (6 of 27)
[2025-10-06 15:35:24] Importing stubs.h.5a6a849c.trap (hello.c.c48ef6a8_0.trap.tar.zst) (7 of 27)
[2025-10-06 15:35:24] Importing features.h.27175dc2.trap (hello.c.c48ef6a8_0.trap.tar.zst) (8 of 27)
[2025-10-06 15:35:24] Importing libc-header-start.h.76eb6559.trap (hello.c.c48ef6a8_0.trap.tar.zst) (9 of 27)
[2025-10-06 15:35:24] Importing stddef.h.6c243f84.trap (hello.c.c48ef6a8_0.trap.tar.zst) (10 of 27)
[2025-10-06 15:35:24] Importing stdarg.h.a868947c.trap (hello.c.c48ef6a8_0.trap.tar.zst) (11 of 27)
[2025-10-06 15:35:24] Importing timesize.h.d3aeb4fe.trap (hello.c.c48ef6a8_0.trap.tar.zst) (12 of 27)
[2025-10-06 15:35:24] Importing typesizes.h.f8f8da78.trap (hello.c.c48ef6a8_0.trap.tar.zst) (13 of 27)
[2025-10-06 15:35:24] Importing time64.h.cce3d83f.trap (hello.c.c48ef6a8_0.trap.tar.zst) (14 of 27)
[2025-10-06 15:35:24] Importing types.h.441eadaf.trap (hello.c.c48ef6a8_0.trap.tar.zst) (15 of 27)
[2025-10-06 15:35:24] Importing __mbstate_t.h.2c5b3ab1.trap (hello.c.c48ef6a8_0.trap.tar.zst) (16 of 27)
[2025-10-06 15:35:24] Importing __fpos_t.h.ec74182e.trap (hello.c.c48ef6a8_0.trap.tar.zst) (17 of 27)
[2025-10-06 15:35:24] Importing __fpos64_t.h.f21a2833.trap (hello.c.c48ef6a8_0.trap.tar.zst) (18 of 27)
[2025-10-06 15:35:24] Importing __FILE.h.b62565c1.trap (hello.c.c48ef6a8_0.trap.tar.zst) (19 of 27)
[2025-10-06 15:35:24] Importing FILE.h.07e87bfb.trap (hello.c.c48ef6a8_0.trap.tar.zst) (20 of 27)
[2025-10-06 15:35:24] Importing struct_FILE.h.842638a9.trap (hello.c.c48ef6a8_0.trap.tar.zst) (21 of 27)
[2025-10-06 15:35:24] Importing stdio_lim.h.1d55b12d.trap (hello.c.c48ef6a8_0.trap.tar.zst) (22 of 27)
[2025-10-06 15:35:24] Importing sys_errlist.h.3bd79cab.trap (hello.c.c48ef6a8_0.trap.tar.zst) (23 of 27)
[2025-10-06 15:35:24] Importing stdio.h.95a659d3.trap (hello.c.c48ef6a8_0.trap.tar.zst) (24 of 27)
[2025-10-06 15:35:24] Importing hello.c.c48ef6a8.trap (hello.c.c48ef6a8_0.trap.tar.zst) (25 of 27)
[2025-10-06 15:35:24] Importing 53206443_0.trap.zst (26 of 27)
[2025-10-06 15:35:24] Importing metadata.trap.gz (27 of 27)
[2025-10-06 15:35:24] [PROGRESS] dataset import> Merging relations
[2025-10-06 15:35:25] Merging 1 fragment for 'builtintypes'.
[2025-10-06 15:35:25] Merged 397 bytes for 'builtintypes'.
[2025-10-06 15:35:25] Merging 1 fragment for 'unspecifiedtype'.
[2025-10-06 15:35:25] Merged 447 bytes for 'unspecifiedtype'.
[2025-10-06 15:35:25] Merging 1 fragment for 'files'.
[2025-10-06 15:35:25] Merged 92 bytes for 'files'.
[2025-10-06 15:35:25] Merging 1 fragment for 'locations_default'.
[2025-10-06 15:35:25] Merged 12238 bytes (11.95 KiB) for 'locations_default'.
[2025-10-06 15:35:25] Merging 1 fragment for 'link_targets'.
[2025-10-06 15:35:25] Merged 26 bytes for 'link_targets'.
[2025-10-06 15:35:25] Merging 1 fragment for 'usertypes'.
[2025-10-06 15:35:25] Merged 245 bytes for 'usertypes'.
[2025-10-06 15:35:25] Merging 1 fragment for 'link_parent'.
[2025-10-06 15:35:25] Merged 133 bytes for 'link_parent'.
[2025-10-06 15:35:25] Merging 1 fragment for 'usertypesize'.
[2025-10-06 15:35:25] Merged 58 bytes for 'usertypesize'.
[2025-10-06 15:35:25] Merging 1 fragment for 'is_pod_class'.
[2025-10-06 15:35:25] Merged 25 bytes for 'is_pod_class'.
[2025-10-06 15:35:25] Merging 1 fragment for 'is_standard_layout_class'.
[2025-10-06 15:35:25] Merged 25 bytes for 'is_standard_layout_class'.
[2025-10-06 15:35:25] Merging 1 fragment for 'is_complete'.
[2025-10-06 15:35:25] Merged 25 bytes for 'is_complete'.
[2025-10-06 15:35:25] Merging 1 fragment for 'membervariables'.
[2025-10-06 15:35:25] Merged 180 bytes for 'membervariables'.
[2025-10-06 15:35:25] Merging 1 fragment for 'fieldoffsets'.
[2025-10-06 15:35:25] Merged 122 bytes for 'fieldoffsets'.
[2025-10-06 15:35:25] Merging 1 fragment for 'var_decls'.
[2025-10-06 15:35:25] Merged 1293 bytes (1.26 KiB) for 'var_decls'.
[2025-10-06 15:35:25] Merging 1 fragment for 'var_def'.
[2025-10-06 15:35:25] Merged 60 bytes for 'var_def'.
[2025-10-06 15:35:25] Merging 1 fragment for 'derivedtypes'.
[2025-10-06 15:35:25] Merged 230 bytes for 'derivedtypes'.
[2025-10-06 15:35:25] Merging 1 fragment for 'pointerishsize'.
[2025-10-06 15:35:25] Merged 60 bytes for 'pointerishsize'.
[2025-10-06 15:35:25] Merging 1 fragment for 'member'.
[2025-10-06 15:35:25] Merged 143 bytes for 'member'.
[2025-10-06 15:35:25] Merging 1 fragment for 'namespaces'.
[2025-10-06 15:35:25] Merged 26 bytes for 'namespaces'.
[2025-10-06 15:35:25] Merging 1 fragment for 'specialnamequalifyingelements'.
[2025-10-06 15:35:25] Merged 27 bytes for 'specialnamequalifyingelements'.
[2025-10-06 15:35:25] Merging 1 fragment for 'mangled_name'.
[2025-10-06 15:35:25] Merged 398 bytes for 'mangled_name'.
[2025-10-06 15:35:25] Merging 1 fragment for 'specifiers'.
[2025-10-06 15:35:25] Merged 149 bytes for 'specifiers'.
[2025-10-06 15:35:25] Merging 1 fragment for 'numlines'.
[2025-10-06 15:35:25] Merged 178 bytes for 'numlines'.
[2025-10-06 15:35:25] Merging 1 fragment for 'preprocdirects'.
[2025-10-06 15:35:25] Merged 3096 bytes (3.02 KiB) for 'preprocdirects'.
[2025-10-06 15:35:25] Merging 1 fragment for 'preproctext'.
[2025-10-06 15:35:25] Merged 1942 bytes (1.90 KiB) for 'preproctext'.
[2025-10-06 15:35:25] Merging 1 fragment for 'preprocfalse'.
[2025-10-06 15:35:25] Merged 120 bytes for 'preprocfalse'.
[2025-10-06 15:35:25] Merging 1 fragment for 'macroinvocations'.
[2025-10-06 15:35:25] Merged 2014 bytes (1.97 KiB) for 'macroinvocations'.
[2025-10-06 15:35:25] Merging 1 fragment for 'comments'.
[2025-10-06 15:35:25] Merged 1427 bytes (1.39 KiB) for 'comments'.
[2025-10-06 15:35:25] Merging 1 fragment for 'commentbinding'.
[2025-10-06 15:35:25] Merged 981 bytes for 'commentbinding'.
[2025-10-06 15:35:25] Merging 1 fragment for 'containerparent'.
[2025-10-06 15:35:25] Merged 124 bytes for 'containerparent'.
[2025-10-06 15:35:25] Merging 1 fragment for 'folders'.
[2025-10-06 15:35:25] Merged 68 bytes for 'folders'.
[2025-10-06 15:35:25] Merging 1 fragment for 'preprocpair'.
[2025-10-06 15:35:25] Merged 975 bytes for 'preprocpair'.
[2025-10-06 15:35:25] Merging 1 fragment for 'preproctrue'.
[2025-10-06 15:35:25] Merged 174 bytes for 'preproctrue'.
[2025-10-06 15:35:25] Merging 1 fragment for 'includes'.
[2025-10-06 15:35:25] Merged 110 bytes for 'includes'.
[2025-10-06 15:35:25] Merging 1 fragment for 'macro_argument_unexpanded'.
[2025-10-06 15:35:25] Merged 455 bytes for 'macro_argument_unexpanded'.
[2025-10-06 15:35:25] Merging 1 fragment for 'macro_argument_expanded'.
[2025-10-06 15:35:25] Merged 466 bytes for 'macro_argument_expanded'.
[2025-10-06 15:35:25] Merging 1 fragment for 'macroparent'.
[2025-10-06 15:35:25] Merged 415 bytes for 'macroparent'.
[2025-10-06 15:35:25] Merging 1 fragment for 'usertype_alias_kind'.
[2025-10-06 15:35:25] Merged 107 bytes for 'usertype_alias_kind'.
[2025-10-06 15:35:25] Merging 1 fragment for 'typedefbase'.
[2025-10-06 15:35:25] Merged 198 bytes for 'typedefbase'.
[2025-10-06 15:35:25] Merging 1 fragment for 'type_decls'.
[2025-10-06 15:35:25] Merged 312 bytes for 'type_decls'.
[2025-10-06 15:35:25] Merging 1 fragment for 'type_decl_top'.
[2025-10-06 15:35:25] Merged 102 bytes for 'type_decl_top'.
[2025-10-06 15:35:25] Merging 1 fragment for 'arraysizes'.
[2025-10-06 15:35:25] Merged 68 bytes for 'arraysizes'.
[2025-10-06 15:35:25] Merging 1 fragment for 'type_mentions'.
[2025-10-06 15:35:25] Merged 469 bytes for 'type_mentions'.
[2025-10-06 15:35:25] Merging 1 fragment for 'type_def'.
[2025-10-06 15:35:25] Merged 24 bytes for 'type_def'.
[2025-10-06 15:35:25] Merging 1 fragment for 'values'.
[2025-10-06 15:35:25] Merged 127 bytes for 'values'.
[2025-10-06 15:35:25] Merging 1 fragment for 'exprs'.
[2025-10-06 15:35:25] Merged 157 bytes for 'exprs'.
[2025-10-06 15:35:25] Merging 1 fragment for 'expr_types'.
[2025-10-06 15:35:25] Merged 105 bytes for 'expr_types'.
[2025-10-06 15:35:25] Merging 1 fragment for 'valuebind'.
[2025-10-06 15:35:25] Merged 106 bytes for 'valuebind'.
[2025-10-06 15:35:25] Merging 1 fragment for 'inmacroexpansion'.
[2025-10-06 15:35:25] Merged 53 bytes for 'inmacroexpansion'.
[2025-10-06 15:35:25] Merging 1 fragment for 'macrolocationbind'.
[2025-10-06 15:35:25] Merged 31 bytes for 'macrolocationbind'.
[2025-10-06 15:35:25] Merging 1 fragment for 'varspecifiers'.
[2025-10-06 15:35:25] Merged 84 bytes for 'varspecifiers'.
[2025-10-06 15:35:25] Merging 1 fragment for 'valuetext'.
[2025-10-06 15:35:25] Merged 121 bytes for 'valuetext'.
[2025-10-06 15:35:25] Merging 1 fragment for 'compgenerated'.
[2025-10-06 15:35:25] Merged 25 bytes for 'compgenerated'.
[2025-10-06 15:35:25] Merging 1 fragment for 'sizeof_bind'.
[2025-10-06 15:35:25] Merged 35 bytes for 'sizeof_bind'.
[2025-10-06 15:35:25] Merging 1 fragment for 'exprconv'.
[2025-10-06 15:35:25] Merged 41 bytes for 'exprconv'.
[2025-10-06 15:35:25] Merging 1 fragment for 'conversionkinds'.
[2025-10-06 15:35:25] Merged 34 bytes for 'conversionkinds'.
[2025-10-06 15:35:25] Merging 1 fragment for 'exprparents'.
[2025-10-06 15:35:25] Merged 80 bytes for 'exprparents'.
[2025-10-06 15:35:25] Merging 1 fragment for 'globalvariables'.
[2025-10-06 15:35:25] Merged 54 bytes for 'globalvariables'.
[2025-10-06 15:35:25] Merging 1 fragment for 'var_decl_specifiers'.
[2025-10-06 15:35:25] Merged 35 bytes for 'var_decl_specifiers'.
[2025-10-06 15:35:25] Merging 1 fragment for 'typespecifiers'.
[2025-10-06 15:35:25] Merged 52 bytes for 'typespecifiers'.
[2025-10-06 15:35:25] Merging 1 fragment for 'functions'.
[2025-10-06 15:35:25] Merged 209 bytes for 'functions'.
[2025-10-06 15:35:25] Merging 1 fragment for 'function_return_type'.
[2025-10-06 15:35:25] Merged 186 bytes for 'function_return_type'.
[2025-10-06 15:35:25] Merging 1 fragment for 'function_prototyped'.
[2025-10-06 15:35:25] Merged 101 bytes for 'function_prototyped'.
[2025-10-06 15:35:25] Merging 1 fragment for 'params'.
[2025-10-06 15:35:25] Merged 780 bytes for 'params'.
[2025-10-06 15:35:25] Merging 1 fragment for 'fun_decls'.
[2025-10-06 15:35:25] Merged 495 bytes for 'fun_decls'.
[2025-10-06 15:35:25] Merging 1 fragment for 'fun_decl_specifiers'.
[2025-10-06 15:35:25] Merged 489 bytes for 'fun_decl_specifiers'.
[2025-10-06 15:35:25] Merging 1 fragment for 'param_decl_bind'.
[2025-10-06 15:35:25] Merged 559 bytes for 'param_decl_bind'.
[2025-10-06 15:35:25] Merging 1 fragment for 'funspecifiers'.
[2025-10-06 15:35:25] Merged 151 bytes for 'funspecifiers'.
[2025-10-06 15:35:25] Merging 1 fragment for 'attributes'.
[2025-10-06 15:35:25] Merged 367 bytes for 'attributes'.
[2025-10-06 15:35:25] Merging 1 fragment for 'funcattributes'.
[2025-10-06 15:35:25] Merged 196 bytes for 'funcattributes'.
[2025-10-06 15:35:25] Merging 1 fragment for 'attribute_arg_value'.
[2025-10-06 15:35:25] Merged 45 bytes for 'attribute_arg_value'.
[2025-10-06 15:35:25] Merging 1 fragment for 'attribute_args'.
[2025-10-06 15:35:25] Merged 215 bytes for 'attribute_args'.
[2025-10-06 15:35:25] Merging 1 fragment for 'attribute_arg_constant'.
[2025-10-06 15:35:25] Merged 71 bytes for 'attribute_arg_constant'.
[2025-10-06 15:35:25] Merging 1 fragment for 'extractor_version'.
[2025-10-06 15:35:25] Merged 28 bytes for 'extractor_version'.
[2025-10-06 15:35:25] Merging 1 fragment for 'fileannotations'.
[2025-10-06 15:35:25] Merged 118 bytes for 'fileannotations'.
[2025-10-06 15:35:25] Merging 1 fragment for 'fun_def'.
[2025-10-06 15:35:25] Merged 18 bytes for 'fun_def'.
[2025-10-06 15:35:25] Merging 1 fragment for 'stmts'.
[2025-10-06 15:35:25] Merged 46 bytes for 'stmts'.
[2025-10-06 15:35:25] Merging 1 fragment for 'routinetypes'.
[2025-10-06 15:35:25] Merged 27 bytes for 'routinetypes'.
[2025-10-06 15:35:25] Merging 1 fragment for 'routinetypeargs'.
[2025-10-06 15:35:25] Merged 43 bytes for 'routinetypeargs'.
[2025-10-06 15:35:25] Merging 1 fragment for 'funbind'.
[2025-10-06 15:35:25] Merged 31 bytes for 'funbind'.
[2025-10-06 15:35:25] Merging 1 fragment for 'stmtparents'.
[2025-10-06 15:35:25] Merged 47 bytes for 'stmtparents'.
[2025-10-06 15:35:25] Merging 1 fragment for 'blockscope'.
[2025-10-06 15:35:25] Merged 31 bytes for 'blockscope'.
[2025-10-06 15:35:25] Merging 1 fragment for 'function_entry_point'.
[2025-10-06 15:35:25] Merged 30 bytes for 'function_entry_point'.
[2025-10-06 15:35:25] Merging 1 fragment for 'iscall'.
[2025-10-06 15:35:25] Merged 31 bytes for 'iscall'.
[2025-10-06 15:35:25] Merging 1 fragment for 'compilations'.
[2025-10-06 15:35:25] Merged 31 bytes for 'compilations'.
[2025-10-06 15:35:25] Merging 1 fragment for 'compilation_args'.
[2025-10-06 15:35:25] Merged 85 bytes for 'compilation_args'.
[2025-10-06 15:35:25] Merging 1 fragment for 'compilation_compiling_files'.
[2025-10-06 15:35:25] Merged 41 bytes for 'compilation_compiling_files'.
[2025-10-06 15:35:25] Merging 1 fragment for 'compilation_time'.
[2025-10-06 15:35:25] Merged 101 bytes for 'compilation_time'.
[2025-10-06 15:35:25] Merging 1 fragment for 'compilation_finished'.
[2025-10-06 15:35:25] Merged 70 bytes for 'compilation_finished'.
[2025-10-06 15:35:25] Merging 1 fragment for 'sourceLocationPrefix'.
[2025-10-06 15:35:25] Merged 18 bytes for 'sourceLocationPrefix'.
[2025-10-06 15:35:25] Saving string and id pools to disk.
[2025-10-06 15:35:25] Finished importing TRAP files.
[2025-10-06 15:35:25] Read 1010.86 KiB of uncompressed TRAP data.
[2025-10-06 15:35:25] Uncompressed relation data size: 140.02 KiB
[2025-10-06 15:35:25] Relation data size: 35.18 KiB (merge rate: 144.22 KiB/s)
[2025-10-06 15:35:25] String pool size: 2.08 MiB
[2025-10-06 15:35:25] ID pool size: 1.09 MiB
[2025-10-06 15:35:25] [PROGRESS] dataset import> Finished writing database (relations: 35.18 KiB; string pool: 2.08 MiB).
[2025-10-06 15:35:25] Pausing evaluation to close the cache at sequence stamp o+183
[2025-10-06 15:35:25] The disk cache is freshly trimmed; leave it be.
[2025-10-06 15:35:25] Unpausing evaluation
[2025-10-06 15:35:25] Plumbing command codeql dataset import completed.
[2025-10-06 15:35:25] [PROGRESS] database finalize> TRAP import complete (2.8s).
[2025-10-06 15:35:25] Running plumbing command: codeql database cleanup -- /home/vboxuser/Documents/SCOPE-QL/db-hello
[2025-10-06 15:35:25] [PROGRESS] database cleanup> Cleaning up existing TRAP files after import...
[2025-10-06 15:35:25] [PROGRESS] database cleanup> TRAP files cleaned up (11ms).
[2025-10-06 15:35:25] [PROGRESS] database cleanup> Cleaning up scratch directory...
[2025-10-06 15:35:25] [PROGRESS] database cleanup> Scratch directory cleaned up (109ms).
[2025-10-06 15:35:25] Running plumbing command: codeql dataset cleanup -- /home/vboxuser/Documents/SCOPE-QL/db-hello/db-cpp
[2025-10-06 15:35:25] [PROGRESS] dataset cleanup> Cleaning up dataset in /home/vboxuser/Documents/SCOPE-QL/db-hello/db-cpp.
[2025-10-06 15:35:25] Trimming disk cache at /home/vboxuser/Documents/SCOPE-QL/db-hello/db-cpp/default/cache in mode trim.
[2025-10-06 15:35:25] Sequence stamp origin is -5995644956106459734
[2025-10-06 15:35:25] Pausing evaluation to quickly trim memory at sequence stamp o+0
[2025-10-06 15:35:25] Unpausing evaluation
[2025-10-06 15:35:25] Pausing evaluation to zealously trim disk at sequence stamp o+1
[2025-10-06 15:35:25] Unpausing evaluation
[2025-10-06 15:35:25] Trimming completed (11ms): Trimmed disposable data from cache.
[2025-10-06 15:35:25] Pausing evaluation to close the cache at sequence stamp o+2
[2025-10-06 15:35:25] The disk cache is freshly trimmed; leave it be.
[2025-10-06 15:35:25] Unpausing evaluation
[2025-10-06 15:35:25] [PROGRESS] dataset cleanup> Trimmed disposable data from cache.
[2025-10-06 15:35:25] [PROGRESS] dataset cleanup> Finalizing dataset in /home/vboxuser/Documents/SCOPE-QL/db-hello/db-cpp
[2025-10-06 15:35:25] [DETAILS] dataset cleanup> Finished deleting ID pool from /home/vboxuser/Documents/SCOPE-QL/db-hello/db-cpp (1ms).
[2025-10-06 15:35:25] Plumbing command codeql dataset cleanup completed.
[2025-10-06 15:35:25] Plumbing command codeql database cleanup completed with status 0.
[2025-10-06 15:35:25] [PROGRESS] database finalize> Finished zipping source archive (38.94 KiB).
[2025-10-06 15:35:25] Plumbing command codeql database finalize completed.
[2025-10-06 15:35:25] [PROGRESS] database create> Successfully created database at /home/vboxuser/Documents/SCOPE-QL/db-hello.
[2025-10-06 15:35:25] Terminating normally.
