[2025-10-06 15:19:17] This is codeql database create scope --language=cpp --overwrite --command=sh -c "gcc -c *.c"
[2025-10-06 15:19:17] Log file was started late.
[2025-10-06 15:19:17] [PROGRESS] database create> Initializing database at /home/ez/Documents/SCOPE-QL/scope.
[2025-10-06 15:19:17] Running plumbing command: codeql database init --overwrite --language=cpp --extractor-options-verbosity=1 --qlconfig-file=/home/ez/Documents/SCOPE-QL/qlconfig.yml --source-root=/home/ez/Documents/SCOPE-QL --allow-missing-source-root=false --allow-already-existing -- /home/ez/Documents/SCOPE-QL/scope
[2025-10-06 15:19:17] Calling plumbing command: codeql resolve languages --extractor-options-verbosity=1 --format=betterjson
[2025-10-06 15:19:17] [DETAILS] resolve languages> Scanning for [codeql-extractor.yml] from /home/ez/codeql-home/codeql/.codeqlmanifest.json
[2025-10-06 15:19:17] [DETAILS] resolve languages> Parsing /home/ez/codeql-home/codeql/go/codeql-extractor.yml.
[2025-10-06 15:19:17] [DETAILS] resolve languages> Parsing /home/ez/codeql-home/codeql/properties/codeql-extractor.yml.
[2025-10-06 15:19:17] [DETAILS] resolve languages> Parsing /home/ez/codeql-home/codeql/yaml/codeql-extractor.yml.
[2025-10-06 15:19:17] [DETAILS] resolve languages> Parsing /home/ez/codeql-home/codeql/csharp/codeql-extractor.yml.
[2025-10-06 15:19:17] [DETAILS] resolve languages> Parsing /home/ez/codeql-home/codeql/html/codeql-extractor.yml.
[2025-10-06 15:19:17] [DETAILS] resolve languages> Parsing /home/ez/codeql-home/codeql/xml/codeql-extractor.yml.
[2025-10-06 15:19:17] [DETAILS] resolve languages> Parsing /home/ez/codeql-home/codeql/java/codeql-extractor.yml.
[2025-10-06 15:19:17] [DETAILS] resolve languages> Parsing /home/ez/codeql-home/codeql/actions/codeql-extractor.yml.
[2025-10-06 15:19:17] [DETAILS] resolve languages> Parsing /home/ez/codeql-home/codeql/javascript/codeql-extractor.yml.
[2025-10-06 15:19:17] [DETAILS] resolve languages> Parsing /home/ez/codeql-home/codeql/swift/codeql-extractor.yml.
[2025-10-06 15:19:17] [DETAILS] resolve languages> Parsing /home/ez/codeql-home/codeql/rust/codeql-extractor.yml.
[2025-10-06 15:19:17] [DETAILS] resolve languages> Parsing /home/ez/codeql-home/codeql/cpp/codeql-extractor.yml.
[2025-10-06 15:19:17] [DETAILS] resolve languages> Parsing /home/ez/codeql-home/codeql/ruby/codeql-extractor.yml.
[2025-10-06 15:19:17] [DETAILS] resolve languages> Parsing /home/ez/codeql-home/codeql/python/codeql-extractor.yml.
[2025-10-06 15:19:17] [DETAILS] resolve languages> Parsing /home/ez/codeql-home/codeql/csv/codeql-extractor.yml.
[2025-10-06 15:19:17] Plumbing command codeql resolve languages completed:
                      {
                        "aliases" : {
                          "c" : "cpp",
                          "c++" : "cpp",
                          "c-c++" : "cpp",
                          "c-cpp" : "cpp",
                          "c#" : "csharp",
                          "java-kotlin" : "java",
                          "kotlin" : "java",
                          "javascript-typescript" : "javascript",
                          "typescript" : "javascript"
                        },
                        "extractors" : {
                          "go" : [
                            {
                              "extractor_root" : "/home/ez/codeql-home/codeql/go",
                              "extractor_options" : {
                                "extract_tests" : {
                                  "title" : "Whether to include Go test files in the CodeQL database.",
                                  "description" : "A value indicating whether Go test files should be included in the CodeQL database. The default is 'false'.\n",
                                  "type" : "string",
                                  "pattern" : "^(false|true)$"
                                },
                                "extract_vendor_dirs" : {
                                  "title" : "Whether to include Go vendor directories in the CodeQL database.",
                                  "description" : "A value indicating whether Go vendor directories should be included in the CodeQL database. The default is 'false'.\n",
                                  "type" : "string",
                                  "pattern" : "^(false|true)$"
                                }
                              }
                            }
                          ],
                          "properties" : [
                            {
                              "extractor_root" : "/home/ez/codeql-home/codeql/properties"
                            }
                          ],
                          "yaml" : [
                            {
                              "extractor_root" : "/home/ez/codeql-home/codeql/yaml"
                            }
                          ],
                          "csharp" : [
                            {
                              "extractor_root" : "/home/ez/codeql-home/codeql/csharp",
                              "extractor_options" : {
                                "trap" : {
                                  "title" : "Options pertaining to TRAP.",
                                  "description" : "Options pertaining to TRAP.",
                                  "type" : "object",
                                  "properties" : {
                                    "compression" : {
                                      "title" : "Controls compression for the TRAP files written by the extractor.",
                                      "description" : "This option is only intended for use in debugging the extractor. Accepted values are 'brotli' (the default, to write brotli-compressed TRAP), 'gzip', and 'none' (to write uncompressed TRAP).\n",
                                      "type" : "string",
                                      "pattern" : "^(none|gzip|brotli)$"
                                    }
                                  }
                                },
                                "buildless" : {
                                  "title" : "DEPRECATED - Whether to use buildless (standalone) extraction.",
                                  "description" : "DEPRECATED: Use `--build-mode none` instead.\nA value indicating, which type of extraction the autobuilder should perform. If 'true', then the standalone extractor will be used, otherwise tracing extraction will be performed. The default is 'false'. Note that buildless extraction will generally yield less accurate analysis results, and should only be used in cases where it is not possible to build the code (for example if it uses inaccessible dependencies).\n",
                                  "type" : "string",
                                  "pattern" : "^(false|true)$"
                                },
                                "logging" : {
                                  "title" : "Options pertaining to logging.",
                                  "description" : "Options pertaining to logging.",
                                  "type" : "object",
                                  "properties" : {
                                    "verbosity" : {
                                      "title" : "Extractor logging verbosity level.",
                                      "description" : "Controls the level of verbosity of the extractor. The supported levels are (in order of increasing verbosity):\n  - off\n  - errors\n  - warnings\n  - info or progress\n  - debug or progress+\n  - trace or progress++\n  - progress+++\n",
                                      "type" : "string",
                                      "pattern" : "^(off|errors|warnings|(info|progress)|(debug|progress\\+)|(trace|progress\\+\\+)|progress\\+\\+\\+)$"
                                    }
                                  }
                                },
                                "binlog" : {
                                  "title" : "Binlog",
                                  "description" : "[EXPERIMENTAL] The value is a path to the MsBuild binary log file that should be extracted. This option only works when `--build-mode none` is also specified.\n",
                                  "type" : "array"
                                }
                              }
                            }
                          ],
                          "html" : [
                            {
                              "extractor_root" : "/home/ez/codeql-home/codeql/html"
                            }
                          ],
                          "xml" : [
                            {
                              "extractor_root" : "/home/ez/codeql-home/codeql/xml"
                            }
                          ],
                          "java" : [
                            {
                              "extractor_root" : "/home/ez/codeql-home/codeql/java",
                              "extractor_options" : {
                                "exclude" : {
                                  "title" : "A glob excluding files from analysis.",
                                  "description" : "A glob indicating what files to exclude from the analysis. This accepts glob patterns that are supported by Java's 'getPathMatcher' implementation.\n",
                                  "type" : "string"
                                },
                                "add_prefer_source" : {
                                  "title" : "Whether to always prefer source files over class files.",
                                  "description" : "A value indicating whether source files should be preferred over class files. If set to 'true', the extraction adds '-Xprefer:source' to the javac command line. If set to 'false', the extraction uses the default javac behavior ('-Xprefer:newer'). The default is 'true'.\n",
                                  "type" : "string",
                                  "pattern" : "^(false|true)$"
                                },
                                "buildless" : {
                                  "title" : "Whether to use buildless (standalone) extraction (experimental).",
                                  "description" : "A value indicating, which type of extraction the autobuilder should perform. If 'true', then the standalone extractor will be used, otherwise tracing extraction will be performed. The default is 'false'. Note that buildless extraction will generally yield less accurate analysis results, and should only be used in cases where it is not possible to build the code (for example if it uses inaccessible dependencies).\n",
                                  "type" : "string",
                                  "pattern" : "^(false|true)$"
                                },
                                "buildless_dependency_dir" : {
                                  "title" : "The path where buildless (standalone) extraction should keep dependencies.",
                                  "description" : "If set, the buildless (standalone) extractor will store dependencies in this directory.\n",
                                  "type" : "string"
                                },
                                "minimize_dependency_jars" : {
                                  "title" : "Whether to rewrite and minimize downloaded JAR dependencies (experimental).",
                                  "description" : "If 'true', JAR dependencies downloaded during extraction will be rewritten to remove unneeded data, such as method bodies. The default is 'false'.\n",
                                  "type" : "string",
                                  "pattern" : "^(false|true)$"
                                }
                              }
                            }
                          ],
                          "actions" : [
                            {
                              "extractor_root" : "/home/ez/codeql-home/codeql/actions",
                              "extractor_options" : { }
                            }
                          ],
                          "javascript" : [
                            {
                              "extractor_root" : "/home/ez/codeql-home/codeql/javascript",
                              "extractor_options" : {
                                "skip_types" : {
                                  "title" : "Skip type extraction for TypeScript",
                                  "description" : "Whether to skip the extraction of types in a TypeScript application",
                                  "type" : "string",
                                  "pattern" : "^(false|true)$"
                                }
                              }
                            }
                          ],
                          "swift" : [
                            {
                              "extractor_root" : "/home/ez/codeql-home/codeql/swift"
                            }
                          ],
                          "rust" : [
                            {
                              "extractor_root" : "/home/ez/codeql-home/codeql/rust",
                              "extractor_options" : {
                                "trap" : {
                                  "title" : "Options pertaining to TRAP.",
                                  "description" : "Options pertaining to TRAP.",
                                  "type" : "object",
                                  "properties" : {
                                    "compression" : {
                                      "title" : "Controls compression for the TRAP files written by the extractor.",
                                      "description" : "This option is only intended for use in debugging the extractor. Accepted values are 'gzip' (to write gzip-compressed TRAP) 'zstd' (to write Zstandard-compressed TRAP) and 'none' (the default, to write uncompressed TRAP).\n",
                                      "type" : "string",
                                      "pattern" : "^(none|gzip|zstd)$"
                                    }
                                  }
                                },
                                "cargo_target_dir" : {
                                  "title" : "Directory to use for cargo output files.",
                                  "description" : "This value is an optional path to use as `CARGO_TARGET_DIR` for the internal cargo commands the extractor uses. Pointing it to a persistent directory may reduce execution time of consecutive extractor runs. By default, a new scratch directory is used for each run.\n",
                                  "type" : "string"
                                },
                                "cargo_target" : {
                                  "title" : "Target architecture",
                                  "description" : "Target architecture to use for analysis, analogous to `cargo --target`. By default the host architecture is used.\n",
                                  "type" : "string"
                                },
                                "cargo_features" : {
                                  "title" : "Cargo features to turn on",
                                  "description" : "Comma-separated list of features to turn on. By default all features are enabled. If any features are specified, then only those features are enabled. The `default` feature must be explicitly specified if only default features are desired. Can be repeated.\n",
                                  "type" : "array"
                                },
                                "cargo_cfg_overrides" : {
                                  "title" : "Cargo cfg overrides",
                                  "description" : "Comma-separated list of cfg settings to enable, or disable if prefixed with `-`. Can be repeated.\n",
                                  "type" : "array"
                                },
                                "logging" : {
                                  "title" : "Options pertaining to logging.",
                                  "description" : "Options pertaining to logging.",
                                  "type" : "object",
                                  "properties" : {
                                    "verbosity" : {
                                      "title" : "Extractor logging verbosity level.",
                                      "description" : "Controls the level of verbosity of the extractor. The supported levels are (in order of increasing verbosity):\n  - off\n  - errors\n  - warnings\n  - info or progress\n  - debug or progress+\n  - trace or progress++\n  - progress+++\n",
                                      "type" : "string",
                                      "pattern" : "^(off|errors|warnings|(info|progress)|(debug|progress\\+)|(trace|progress\\+\\+)|progress\\+\\+\\+)$"
                                    },
                                    "flamegraph" : {
                                      "title" : "[Experimental] File path for write flame graph log",
                                      "description" : "Collect flame graph data using the `tracing-flame` crate. To render a flame graph or chart, run the `inferno-flamegraph` command. See also: https://crates.io/crates/tracing-flame\n",
                                      "type" : "string"
                                    }
                                  }
                                },
                                "extract_dependencies_as_source" : {
                                  "title" : "Extract dependencies as source code",
                                  "description" : "Extract the full source code of dependencies instead of only extracting signatures.\n",
                                  "type" : "string",
                                  "pattern" : "^(false|true)$"
                                }
                              }
                            }
                          ],
                          "cpp" : [
                            {
                              "extractor_root" : "/home/ez/codeql-home/codeql/cpp",
                              "extractor_options" : {
                                "scale_timeouts" : {
                                  "title" : "Value to scale compiler introspection timeouts with",
                                  "description" : "The extractor attempts to determine what compiler the source code being extracted is compiled with. To this end the extractor makes additional calls to the compiler, some of which are expected to return within a certain fixed time (either 10s or 15s). On some systems that are under high load this time might be too short, and can be scaled up using this option.\n",
                                  "type" : "string",
                                  "pattern" : "[0-9]+"
                                },
                                "log_verbosity" : {
                                  "title" : "Verbosity of the extractor logging",
                                  "description" : "Set the verbosity of the extractor logging to 'quiet' (0), 'normal' (1), 'chatty' (2), or 'noisy' (3). The default is 'normal'.\n",
                                  "type" : "string",
                                  "pattern" : "[0-3]"
                                }
                              }
                            }
                          ],
                          "ruby" : [
                            {
                              "extractor_root" : "/home/ez/codeql-home/codeql/ruby",
                              "extractor_options" : {
                                "trap" : {
                                  "title" : "Options pertaining to TRAP.",
                                  "description" : "Options pertaining to TRAP.",
                                  "type" : "object",
                                  "properties" : {
                                    "compression" : {
                                      "title" : "Controls compression for the TRAP files written by the extractor.",
                                      "description" : "This option is only intended for use in debugging the extractor. Accepted values are 'gzip' (the default, to write gzip-compressed TRAP) 'zstd' (to write Zstandard-compressed TRAP) and 'none' (to write uncompressed TRAP).\n",
                                      "type" : "string",
                                      "pattern" : "^(none|gzip|zstd)$"
                                    }
                                  }
                                }
                              }
                            }
                          ],
                          "python" : [
                            {
                              "extractor_root" : "/home/ez/codeql-home/codeql/python",
                              "extractor_options" : {
                                "logging" : {
                                  "title" : "Options pertaining to logging.",
                                  "description" : "Options pertaining to logging.",
                                  "type" : "object",
                                  "properties" : {
                                    "verbosity" : {
                                      "title" : "Python extractor logging verbosity level.",
                                      "description" : "Controls the level of verbosity of the CodeQL Python extractor.\nThe supported levels are (in order of increasing verbosity):\n\n  - off\n  - errors\n  - warnings\n  - info or progress\n  - debug or progress+\n  - trace or progress++\n  - progress+++\n",
                                      "type" : "string",
                                      "pattern" : "^(off|errors|warnings|(info|progress)|(debug|progress\\+)|(trace|progress\\+\\+)|progress\\+\\+\\+)$"
                                    }
                                  }
                                },
                                "python_executable_name" : {
                                  "title" : "Controls the name of the Python executable used by the Python extractor.",
                                  "description" : "The Python extractor uses platform-dependent heuristics to determine the name of the Python executable to use. Specifying a value for this option overrides the name of the Python executable used by the extractor. Accepted values are py, python and python3. Use this setting with caution, the Python extractor requires Python 3 to run.\n",
                                  "type" : "string",
                                  "pattern" : "^(py|python|python3)$"
                                }
                              }
                            }
                          ],
                          "csv" : [
                            {
                              "extractor_root" : "/home/ez/codeql-home/codeql/csv"
                            }
                          ]
                        }
                      }
[2025-10-06 15:19:17] [PROGRESS] database init> Calculating baseline information in /home/ez/Documents/SCOPE-QL
[2025-10-06 15:19:17] [SPAMMY] database init> Ignoring the following directories when processing baseline information: .git, .hg, .svn.
[2025-10-06 15:19:17] [DETAILS] database init> Running command in /home/ez/Documents/SCOPE-QL: /home/ez/codeql-home/codeql/tools/linux64/scc --by-file --exclude-dir .git,.hg,.svn --format json --no-large --no-min .
[2025-10-06 15:19:17] [SPAMMY] database init> Found 2 baseline files for cpp.
[2025-10-06 15:19:17] [PROGRESS] database init> Calculated baseline information for languages: cpp (58ms).
[2025-10-06 15:19:18] [PROGRESS] database init> Resolving extractor cpp.
[2025-10-06 15:19:18] [DETAILS] database init> Found candidate extractor root for cpp: /home/ez/codeql-home/codeql/cpp.
[2025-10-06 15:19:18] [PROGRESS] database init> Successfully loaded extractor C/C++ (cpp) from /home/ez/codeql-home/codeql/cpp.
[2025-10-06 15:19:18] [PROGRESS] database init> Created skeleton CodeQL database at /home/ez/Documents/SCOPE-QL/scope. This in-progress database is ready to be populated by an extractor.
[2025-10-06 15:19:18] Plumbing command codeql database init completed.
[2025-10-06 15:19:18] [PROGRESS] database create> Running build command: [sh, -c, gcc -c *.c]
[2025-10-06 15:19:18] Running plumbing command: codeql database trace-command --working-dir=/home/ez/Documents/SCOPE-QL --index-traceless-dbs --no-db-cluster -- /home/ez/Documents/SCOPE-QL/scope sh -c gcc -c *.c
[2025-10-06 15:19:18] [PROGRESS] database trace-command> Running command in /home/ez/Documents/SCOPE-QL: [sh, -c, gcc -c *.c]
[2025-10-06 15:19:19] Plumbing command codeql database trace-command completed.
[2025-10-06 15:19:19] [PROGRESS] database create> Finalizing database at /home/ez/Documents/SCOPE-QL/scope.
[2025-10-06 15:19:19] Running plumbing command: codeql database finalize --no-db-cluster -- /home/ez/Documents/SCOPE-QL/scope
[2025-10-06 15:19:19] Using pre-finalize script /home/ez/codeql-home/codeql/cpp/tools/pre-finalize.sh.
[2025-10-06 15:19:19] [PROGRESS] database finalize> Running pre-finalize script /home/ez/codeql-home/codeql/cpp/tools/pre-finalize.sh in /home/ez/Documents/SCOPE-QL.
[2025-10-06 15:19:19] Running plumbing command: codeql database trace-command --working-dir=/home/ez/Documents/SCOPE-QL --no-tracing -- /home/ez/Documents/SCOPE-QL/scope /home/ez/codeql-home/codeql/cpp/tools/pre-finalize.sh
[2025-10-06 15:19:19] [PROGRESS] database trace-command> Running command in /home/ez/Documents/SCOPE-QL: [/home/ez/codeql-home/codeql/cpp/tools/pre-finalize.sh]
[2025-10-06 15:19:19] Plumbing command codeql database trace-command completed.
[2025-10-06 15:19:19] [PROGRESS] database finalize> Pre-finalize script /home/ez/codeql-home/codeql/cpp/tools/pre-finalize.sh completed in 228 ms.
[2025-10-06 15:19:19] [PROGRESS] database finalize> Running TRAP import for CodeQL database at /home/ez/Documents/SCOPE-QL/scope...
[2025-10-06 15:19:19] Running plumbing command: codeql dataset import --dbscheme=/home/ez/codeql-home/codeql/cpp/semmlecode.cpp.dbscheme -- /home/ez/Documents/SCOPE-QL/scope/db-cpp /home/ez/Documents/SCOPE-QL/scope/trap/cpp
[2025-10-06 15:19:20] Clearing disk cache since the version file /home/ez/Documents/SCOPE-QL/scope/db-cpp/default/cache/version does not exist
[2025-10-06 15:19:20] Tuple pool not found. Clearing relations with cached strings
[2025-10-06 15:19:20] Trimming disk cache at /home/ez/Documents/SCOPE-QL/scope/db-cpp/default/cache in mode clear.
[2025-10-06 15:19:20] Sequence stamp origin is -5995695488328699946
[2025-10-06 15:19:20] Pausing evaluation to hard-clear memory at sequence stamp o+0
[2025-10-06 15:19:20] Unpausing evaluation
[2025-10-06 15:19:20] Pausing evaluation to quickly trim disk at sequence stamp o+1
[2025-10-06 15:19:20] Unpausing evaluation
[2025-10-06 15:19:20] Pausing evaluation to zealously trim disk at sequence stamp o+2
[2025-10-06 15:19:20] Unpausing evaluation
[2025-10-06 15:19:20] Trimming completed (55ms): Purged everything.
[2025-10-06 15:19:20] Scanning for files in /home/ez/Documents/SCOPE-QL/scope/trap/cpp
[2025-10-06 15:19:20] Found 5 files on disk containing 69 TRAP files (363.59 KiB)
[2025-10-06 15:19:20] [PROGRESS] dataset import> Importing TRAP files
[2025-10-06 15:19:20] Importing cpp_predefined.acb19af8.trap (crackme.c.d533aa66_0.trap.tar.zst) (1 of 69)
[2025-10-06 15:19:21] Importing stdc-predef.h.c6e479d9.trap (crackme.c.d533aa66_0.trap.tar.zst) (2 of 69)
[2025-10-06 15:19:21] Importing wordsize.h.92468457.trap (crackme.c.d533aa66_0.trap.tar.zst) (3 of 69)
[2025-10-06 15:19:21] Importing long-double.h.50566853.trap (crackme.c.d533aa66_0.trap.tar.zst) (4 of 69)
[2025-10-06 15:19:21] Importing cdefs.h.3428dfb8.trap (crackme.c.d533aa66_0.trap.tar.zst) (5 of 69)
[2025-10-06 15:19:21] Importing stubs-64.h.c6e479d9.trap (crackme.c.d533aa66_0.trap.tar.zst) (6 of 69)
[2025-10-06 15:19:21] Importing stubs.h.5a6a849c.trap (crackme.c.d533aa66_0.trap.tar.zst) (7 of 69)
[2025-10-06 15:19:21] Importing features.h.27175dc2.trap (crackme.c.d533aa66_0.trap.tar.zst) (8 of 69)
[2025-10-06 15:19:21] Importing libc-header-start.h.76eb6559.trap (crackme.c.d533aa66_0.trap.tar.zst) (9 of 69)
[2025-10-06 15:19:21] Importing stddef.h.6c243f84.trap (crackme.c.d533aa66_0.trap.tar.zst) (10 of 69)
[2025-10-06 15:19:21] Importing stdarg.h.a868947c.trap (crackme.c.d533aa66_0.trap.tar.zst) (11 of 69)
[2025-10-06 15:19:21] Importing timesize.h.d3aeb4fe.trap (crackme.c.d533aa66_0.trap.tar.zst) (12 of 69)
[2025-10-06 15:19:21] Importing typesizes.h.f8f8da78.trap (crackme.c.d533aa66_0.trap.tar.zst) (13 of 69)
[2025-10-06 15:19:21] Importing time64.h.cce3d83f.trap (crackme.c.d533aa66_0.trap.tar.zst) (14 of 69)
[2025-10-06 15:19:21] Importing types.h.441eadaf.trap (crackme.c.d533aa66_0.trap.tar.zst) (15 of 69)
[2025-10-06 15:19:21] Importing __mbstate_t.h.2c5b3ab1.trap (crackme.c.d533aa66_0.trap.tar.zst) (16 of 69)
[2025-10-06 15:19:21] Importing __fpos_t.h.ec74182e.trap (crackme.c.d533aa66_0.trap.tar.zst) (17 of 69)
[2025-10-06 15:19:21] Importing __fpos64_t.h.f21a2833.trap (crackme.c.d533aa66_0.trap.tar.zst) (18 of 69)
[2025-10-06 15:19:21] Importing __FILE.h.b62565c1.trap (crackme.c.d533aa66_0.trap.tar.zst) (19 of 69)
[2025-10-06 15:19:21] Importing FILE.h.07e87bfb.trap (crackme.c.d533aa66_0.trap.tar.zst) (20 of 69)
[2025-10-06 15:19:21] Importing struct_FILE.h.842638a9.trap (crackme.c.d533aa66_0.trap.tar.zst) (21 of 69)
[2025-10-06 15:19:21] Importing stdio_lim.h.1d55b12d.trap (crackme.c.d533aa66_0.trap.tar.zst) (22 of 69)
[2025-10-06 15:19:21] Importing sys_errlist.h.3bd79cab.trap (crackme.c.d533aa66_0.trap.tar.zst) (23 of 69)
[2025-10-06 15:19:21] Importing stdio.h.95a659d3.trap (crackme.c.d533aa66_0.trap.tar.zst) (24 of 69)
[2025-10-06 15:19:21] Importing libc-header-start.h.31bce42f.trap (crackme.c.d533aa66_0.trap.tar.zst) (25 of 69)
[2025-10-06 15:19:21] Importing stddef.h.c351b5c4.trap (crackme.c.d533aa66_0.trap.tar.zst) (26 of 69)
[2025-10-06 15:19:21] Importing waitflags.h.6f77a6ef.trap (crackme.c.d533aa66_0.trap.tar.zst) (27 of 69)
[2025-10-06 15:19:21] Importing waitstatus.h.70663cf8.trap (crackme.c.d533aa66_0.trap.tar.zst) (28 of 69)
[2025-10-06 15:19:21] Importing floatn-common.h.5c1c221b.trap (crackme.c.d533aa66_0.trap.tar.zst) (29 of 69)
[2025-10-06 15:19:21] Importing floatn.h.80d02693.trap (crackme.c.d533aa66_0.trap.tar.zst) (30 of 69)
[2025-10-06 15:19:21] Importing clock_t.h.61e99454.trap (crackme.c.d533aa66_0.trap.tar.zst) (31 of 69)
[2025-10-06 15:19:21] Importing clockid_t.h.6ad7214c.trap (crackme.c.d533aa66_0.trap.tar.zst) (32 of 69)
[2025-10-06 15:19:21] Importing time_t.h.d0854e9d.trap (crackme.c.d533aa66_0.trap.tar.zst) (33 of 69)
[2025-10-06 15:19:21] Importing timer_t.h.47964e39.trap (crackme.c.d533aa66_0.trap.tar.zst) (34 of 69)
[2025-10-06 15:19:21] Importing stddef.h.2fbccf35.trap (crackme.c.d533aa66_0.trap.tar.zst) (35 of 69)
[2025-10-06 15:19:21] Importing stdint-intn.h.93b3e97e.trap (crackme.c.d533aa66_0.trap.tar.zst) (36 of 69)
[2025-10-06 15:19:21] Importing endianness.h.1999a564.trap (crackme.c.d533aa66_0.trap.tar.zst) (37 of 69)
[2025-10-06 15:19:21] Importing endian.h.a1618c87.trap (crackme.c.d533aa66_0.trap.tar.zst) (38 of 69)
[2025-10-06 15:19:21] Importing byteswap.h.eb75100c.trap (crackme.c.d533aa66_0.trap.tar.zst) (39 of 69)
[2025-10-06 15:19:21] Importing uintn-identity.h.9abcabdc.trap (crackme.c.d533aa66_0.trap.tar.zst) (40 of 69)
[2025-10-06 15:19:21] Importing endian.h.362a7df9.trap (crackme.c.d533aa66_0.trap.tar.zst) (41 of 69)
[2025-10-06 15:19:21] Importing select.h.1be33098.trap (crackme.c.d533aa66_0.trap.tar.zst) (42 of 69)
[2025-10-06 15:19:21] Importing __sigset_t.h.802c2c21.trap (crackme.c.d533aa66_0.trap.tar.zst) (43 of 69)
[2025-10-06 15:19:21] Importing sigset_t.h.f939c17b.trap (crackme.c.d533aa66_0.trap.tar.zst) (44 of 69)
[2025-10-06 15:19:21] Importing struct_timeval.h.e89ea9f7.trap (crackme.c.d533aa66_0.trap.tar.zst) (45 of 69)
[2025-10-06 15:19:21] Importing struct_timespec.h.c0e42c9e.trap (crackme.c.d533aa66_0.trap.tar.zst) (46 of 69)
[2025-10-06 15:19:21] Importing select.h.da9a0703.trap (crackme.c.d533aa66_0.trap.tar.zst) (47 of 69)
[2025-10-06 15:19:21] Importing pthreadtypes-arch.h.cfce5b81.trap (crackme.c.d533aa66_0.trap.tar.zst) (48 of 69)
[2025-10-06 15:19:21] Importing struct_mutex.h.dba14d39.trap (crackme.c.d533aa66_0.trap.tar.zst) (49 of 69)
[2025-10-06 15:19:21] Importing struct_rwlock.h.cac24554.trap (crackme.c.d533aa66_0.trap.tar.zst) (50 of 69)
[2025-10-06 15:19:21] Importing thread-shared-types.h.3dbe926e.trap (crackme.c.d533aa66_0.trap.tar.zst) (51 of 69)
[2025-10-06 15:19:21] Importing pthreadtypes.h.668cc530.trap (crackme.c.d533aa66_0.trap.tar.zst) (52 of 69)
[2025-10-06 15:19:21] Importing types.h.9e8d8c7d.trap (crackme.c.d533aa66_0.trap.tar.zst) (53 of 69)
[2025-10-06 15:19:21] Importing stddef.h.270d9fd4.trap (crackme.c.d533aa66_0.trap.tar.zst) (54 of 69)
[2025-10-06 15:19:21] Importing alloca.h.8004f9e2.trap (crackme.c.d533aa66_0.trap.tar.zst) (55 of 69)
[2025-10-06 15:19:21] Importing stdlib-float.h.c113ea98.trap (crackme.c.d533aa66_0.trap.tar.zst) (56 of 69)
[2025-10-06 15:19:21] Importing stdlib.h.ccff5345.trap (crackme.c.d533aa66_0.trap.tar.zst) (57 of 69)
[2025-10-06 15:19:21] Importing libc-header-start.h.c8ed1ac1.trap (crackme.c.d533aa66_0.trap.tar.zst) (58 of 69)
[2025-10-06 15:19:21] Importing stddef.h.bdd41b39.trap (crackme.c.d533aa66_0.trap.tar.zst) (59 of 69)
[2025-10-06 15:19:21] Importing __locale_t.h.06759767.trap (crackme.c.d533aa66_0.trap.tar.zst) (60 of 69)
[2025-10-06 15:19:21] Importing locale_t.h.f5a98c5d.trap (crackme.c.d533aa66_0.trap.tar.zst) (61 of 69)
[2025-10-06 15:19:21] Importing stddef.h.07cf87e2.trap (crackme.c.d533aa66_0.trap.tar.zst) (62 of 69)
[2025-10-06 15:19:21] Importing strings.h.de8fba61.trap (crackme.c.d533aa66_0.trap.tar.zst) (63 of 69)
[2025-10-06 15:19:21] Importing string.h.728784ff.trap (crackme.c.d533aa66_0.trap.tar.zst) (64 of 69)
[2025-10-06 15:19:21] Importing crackme.c.d533aa66.trap (crackme.c.d533aa66_0.trap.tar.zst) (65 of 69)
[2025-10-06 15:19:21] Importing strcmp.c.ef9ad258.trap (strcmp.c.ef9ad258_0.trap.tar.zst) (66 of 69)
[2025-10-06 15:19:21] Importing 9002091_0.trap.zst (67 of 69)
[2025-10-06 15:19:21] Importing 66139625_0.trap.zst (68 of 69)
[2025-10-06 15:19:21] Importing metadata.trap.gz (69 of 69)
[2025-10-06 15:19:21] [PROGRESS] dataset import> Merging relations
[2025-10-06 15:19:22] Merging 1 fragment for 'builtintypes'.
[2025-10-06 15:19:22] Merged 397 bytes for 'builtintypes'.
[2025-10-06 15:19:22] Merging 1 fragment for 'unspecifiedtype'.
[2025-10-06 15:19:22] Merged 902 bytes for 'unspecifiedtype'.
[2025-10-06 15:19:22] Merging 1 fragment for 'files'.
[2025-10-06 15:19:22] Merged 175 bytes for 'files'.
[2025-10-06 15:19:22] Merging 1 fragment for 'locations_default'.
[2025-10-06 15:19:22] Merged 27567 bytes (26.92 KiB) for 'locations_default'.
[2025-10-06 15:19:22] Merging 1 fragment for 'link_targets'.
[2025-10-06 15:19:22] Merged 26 bytes for 'link_targets'.
[2025-10-06 15:19:22] Merging 1 fragment for 'usertypes'.
[2025-10-06 15:19:22] Merged 540 bytes for 'usertypes'.
[2025-10-06 15:19:22] Merging 1 fragment for 'link_parent'.
[2025-10-06 15:19:22] Merged 330 bytes for 'link_parent'.
[2025-10-06 15:19:22] Merging 1 fragment for 'usertypesize'.
[2025-10-06 15:19:22] Merged 150 bytes for 'usertypesize'.
[2025-10-06 15:19:22] Merging 1 fragment for 'is_pod_class'.
[2025-10-06 15:19:22] Merged 56 bytes for 'is_pod_class'.
[2025-10-06 15:19:22] Merging 1 fragment for 'is_standard_layout_class'.
[2025-10-06 15:19:22] Merged 56 bytes for 'is_standard_layout_class'.
[2025-10-06 15:19:22] Merging 1 fragment for 'is_complete'.
[2025-10-06 15:19:22] Merged 56 bytes for 'is_complete'.
[2025-10-06 15:19:22] Merging 1 fragment for 'membervariables'.
[2025-10-06 15:19:22] Merged 528 bytes for 'membervariables'.
[2025-10-06 15:19:22] Merging 1 fragment for 'fieldoffsets'.
[2025-10-06 15:19:22] Merged 282 bytes for 'fieldoffsets'.
[2025-10-06 15:19:22] Merging 1 fragment for 'var_decls'.
[2025-10-06 15:19:22] Merged 3950 bytes (3.86 KiB) for 'var_decls'.
[2025-10-06 15:19:22] Merging 1 fragment for 'var_def'.
[2025-10-06 15:19:22] Merged 171 bytes for 'var_def'.
[2025-10-06 15:19:22] Merging 1 fragment for 'derivedtypes'.
[2025-10-06 15:19:22] Merged 657 bytes for 'derivedtypes'.
[2025-10-06 15:19:22] Merging 1 fragment for 'pointerishsize'.
[2025-10-06 15:19:22] Merged 105 bytes for 'pointerishsize'.
[2025-10-06 15:19:22] Merging 1 fragment for 'member'.
[2025-10-06 15:19:22] Merged 406 bytes for 'member'.
[2025-10-06 15:19:22] Merging 1 fragment for 'namespaces'.
[2025-10-06 15:19:22] Merged 26 bytes for 'namespaces'.
[2025-10-06 15:19:22] Merging 1 fragment for 'specialnamequalifyingelements'.
[2025-10-06 15:19:22] Merged 27 bytes for 'specialnamequalifyingelements'.
[2025-10-06 15:19:22] Merging 1 fragment for 'mangled_name'.
[2025-10-06 15:19:22] Merged 886 bytes for 'mangled_name'.
[2025-10-06 15:19:22] Merging 1 fragment for 'specifiers'.
[2025-10-06 15:19:22] Merged 149 bytes for 'specifiers'.
[2025-10-06 15:19:22] Merging 1 fragment for 'numlines'.
[2025-10-06 15:19:22] Merged 386 bytes for 'numlines'.
[2025-10-06 15:19:22] Merging 1 fragment for 'preprocdirects'.
[2025-10-06 15:19:22] Merged 5975 bytes (5.83 KiB) for 'preprocdirects'.
[2025-10-06 15:19:22] Merging 1 fragment for 'preproctext'.
[2025-10-06 15:19:22] Merged 3926 bytes (3.83 KiB) for 'preproctext'.
[2025-10-06 15:19:22] Merging 1 fragment for 'preprocfalse'.
[2025-10-06 15:19:22] Merged 233 bytes for 'preprocfalse'.
[2025-10-06 15:19:22] Merging 1 fragment for 'macroinvocations'.
[2025-10-06 15:19:22] Merged 5719 bytes (5.58 KiB) for 'macroinvocations'.
[2025-10-06 15:19:22] Merging 1 fragment for 'comments'.
[2025-10-06 15:19:22] Merged 2704 bytes (2.64 KiB) for 'comments'.
[2025-10-06 15:19:22] Merging 1 fragment for 'commentbinding'.
[2025-10-06 15:19:22] Merged 1834 bytes (1.79 KiB) for 'commentbinding'.
[2025-10-06 15:19:22] Merging 1 fragment for 'containerparent'.
[2025-10-06 15:19:22] Merged 187 bytes for 'containerparent'.
[2025-10-06 15:19:22] Merging 1 fragment for 'folders'.
[2025-10-06 15:19:22] Merged 68 bytes for 'folders'.
[2025-10-06 15:19:22] Merging 1 fragment for 'preprocpair'.
[2025-10-06 15:19:22] Merged 1833 bytes (1.79 KiB) for 'preprocpair'.
[2025-10-06 15:19:22] Merging 1 fragment for 'preproctrue'.
[2025-10-06 15:19:22] Merged 363 bytes for 'preproctrue'.
[2025-10-06 15:19:22] Merging 1 fragment for 'includes'.
[2025-10-06 15:19:22] Merged 313 bytes for 'includes'.
[2025-10-06 15:19:22] Merging 1 fragment for 'macro_argument_unexpanded'.
[2025-10-06 15:19:22] Merged 1050 bytes (1.03 KiB) for 'macro_argument_unexpanded'.
[2025-10-06 15:19:22] Merging 1 fragment for 'macro_argument_expanded'.
[2025-10-06 15:19:22] Merged 1045 bytes (1.02 KiB) for 'macro_argument_expanded'.
[2025-10-06 15:19:22] Merging 1 fragment for 'macroparent'.
[2025-10-06 15:19:22] Merged 955 bytes for 'macroparent'.
[2025-10-06 15:19:22] Merging 1 fragment for 'usertype_alias_kind'.
[2025-10-06 15:19:22] Merged 184 bytes for 'usertype_alias_kind'.
[2025-10-06 15:19:22] Merging 1 fragment for 'typedefbase'.
[2025-10-06 15:19:22] Merged 366 bytes for 'typedefbase'.
[2025-10-06 15:19:22] Merging 1 fragment for 'type_decls'.
[2025-10-06 15:19:22] Merged 637 bytes for 'type_decls'.
[2025-10-06 15:19:22] Merging 1 fragment for 'type_decl_top'.
[2025-10-06 15:19:22] Merged 188 bytes for 'type_decl_top'.
[2025-10-06 15:19:22] Merging 1 fragment for 'arraysizes'.
[2025-10-06 15:19:22] Merged 152 bytes for 'arraysizes'.
[2025-10-06 15:19:22] Merging 1 fragment for 'type_mentions'.
[2025-10-06 15:19:22] Merged 1019 bytes for 'type_mentions'.
[2025-10-06 15:19:22] Merging 1 fragment for 'type_def'.
[2025-10-06 15:19:22] Merged 58 bytes for 'type_def'.
[2025-10-06 15:19:22] Merging 1 fragment for 'values'.
[2025-10-06 15:19:22] Merged 756 bytes for 'values'.
[2025-10-06 15:19:22] Merging 1 fragment for 'exprs'.
[2025-10-06 15:19:22] Merged 1096 bytes (1.07 KiB) for 'exprs'.
[2025-10-06 15:19:22] Merging 1 fragment for 'expr_types'.
[2025-10-06 15:19:22] Merged 722 bytes for 'expr_types'.
[2025-10-06 15:19:22] Merging 1 fragment for 'valuebind'.
[2025-10-06 15:19:22] Merged 627 bytes for 'valuebind'.
[2025-10-06 15:19:22] Merging 1 fragment for 'inmacroexpansion'.
[2025-10-06 15:19:22] Merged 515 bytes for 'inmacroexpansion'.
[2025-10-06 15:19:22] Merging 1 fragment for 'macrolocationbind'.
[2025-10-06 15:19:22] Merged 467 bytes for 'macrolocationbind'.
[2025-10-06 15:19:22] Merging 1 fragment for 'varspecifiers'.
[2025-10-06 15:19:22] Merged 215 bytes for 'varspecifiers'.
[2025-10-06 15:19:22] Merging 1 fragment for 'valuetext'.
[2025-10-06 15:19:22] Merged 266 bytes for 'valuetext'.
[2025-10-06 15:19:22] Merging 1 fragment for 'compgenerated'.
[2025-10-06 15:19:22] Merged 49 bytes for 'compgenerated'.
[2025-10-06 15:19:22] Merging 1 fragment for 'sizeof_bind'.
[2025-10-06 15:19:22] Merged 42 bytes for 'sizeof_bind'.
[2025-10-06 15:19:22] Merging 1 fragment for 'exprconv'.
[2025-10-06 15:19:22] Merged 109 bytes for 'exprconv'.
[2025-10-06 15:19:22] Merging 1 fragment for 'conversionkinds'.
[2025-10-06 15:19:22] Merged 59 bytes for 'conversionkinds'.
[2025-10-06 15:19:22] Merging 1 fragment for 'exprparents'.
[2025-10-06 15:19:22] Merged 441 bytes for 'exprparents'.
[2025-10-06 15:19:22] Merging 1 fragment for 'globalvariables'.
[2025-10-06 15:19:22] Merged 54 bytes for 'globalvariables'.
[2025-10-06 15:19:22] Merging 1 fragment for 'var_decl_specifiers'.
[2025-10-06 15:19:22] Merged 35 bytes for 'var_decl_specifiers'.
[2025-10-06 15:19:22] Merging 1 fragment for 'typespecifiers'.
[2025-10-06 15:19:22] Merged 119 bytes for 'typespecifiers'.
[2025-10-06 15:19:22] Merging 1 fragment for 'functions'.
[2025-10-06 15:19:22] Merged 544 bytes for 'functions'.
[2025-10-06 15:19:22] Merging 1 fragment for 'function_return_type'.
[2025-10-06 15:19:22] Merged 548 bytes for 'function_return_type'.
[2025-10-06 15:19:22] Merging 1 fragment for 'function_prototyped'.
[2025-10-06 15:19:22] Merged 267 bytes for 'function_prototyped'.
[2025-10-06 15:19:22] Merging 1 fragment for 'params'.
[2025-10-06 15:19:22] Merged 2381 bytes (2.33 KiB) for 'params'.
[2025-10-06 15:19:22] Merging 1 fragment for 'fun_decls'.
[2025-10-06 15:19:22] Merged 1351 bytes (1.32 KiB) for 'fun_decls'.
[2025-10-06 15:19:22] Merging 1 fragment for 'fun_decl_specifiers'.
[2025-10-06 15:19:22] Merged 1308 bytes (1.28 KiB) for 'fun_decl_specifiers'.
[2025-10-06 15:19:22] Merging 1 fragment for 'param_decl_bind'.
[2025-10-06 15:19:22] Merged 1603 bytes (1.57 KiB) for 'param_decl_bind'.
[2025-10-06 15:19:22] Merging 1 fragment for 'funspecifiers'.
[2025-10-06 15:19:22] Merged 342 bytes for 'funspecifiers'.
[2025-10-06 15:19:22] Merging 1 fragment for 'attributes'.
[2025-10-06 15:19:22] Merged 2165 bytes (2.11 KiB) for 'attributes'.
[2025-10-06 15:19:22] Merging 1 fragment for 'funcattributes'.
[2025-10-06 15:19:22] Merged 1088 bytes (1.06 KiB) for 'funcattributes'.
[2025-10-06 15:19:22] Merging 1 fragment for 'attribute_arg_value'.
[2025-10-06 15:19:22] Merged 49 bytes for 'attribute_arg_value'.
[2025-10-06 15:19:22] Merging 1 fragment for 'attribute_args'.
[2025-10-06 15:19:22] Merged 960 bytes for 'attribute_args'.
[2025-10-06 15:19:22] Merging 1 fragment for 'attribute_arg_constant'.
[2025-10-06 15:19:22] Merged 427 bytes for 'attribute_arg_constant'.
[2025-10-06 15:19:22] Merging 1 fragment for 'enumconstants'.
[2025-10-06 15:19:22] Merged 79 bytes for 'enumconstants'.
[2025-10-06 15:19:22] Merging 1 fragment for 'initialisers'.
[2025-10-06 15:19:22] Merged 82 bytes for 'initialisers'.
[2025-10-06 15:19:22] Merging 1 fragment for 'fun_def'.
[2025-10-06 15:19:22] Merged 28 bytes for 'fun_def'.
[2025-10-06 15:19:22] Merging 1 fragment for 'stmts'.
[2025-10-06 15:19:22] Merged 216 bytes for 'stmts'.
[2025-10-06 15:19:22] Merging 1 fragment for 'builtin_functions'.
[2025-10-06 15:19:22] Merged 22 bytes for 'builtin_functions'.
[2025-10-06 15:19:22] Merging 1 fragment for 'routinetypes'.
[2025-10-06 15:19:22] Merged 56 bytes for 'routinetypes'.
[2025-10-06 15:19:22] Merging 1 fragment for 'routinetypeargs'.
[2025-10-06 15:19:22] Merged 102 bytes for 'routinetypeargs'.
[2025-10-06 15:19:22] Merging 1 fragment for 'funbind'.
[2025-10-06 15:19:22] Merged 62 bytes for 'funbind'.
[2025-10-06 15:19:22] Merging 1 fragment for 'expr_isload'.
[2025-10-06 15:19:22] Merged 62 bytes for 'expr_isload'.
[2025-10-06 15:19:22] Merging 1 fragment for 'affectedbymacroexpansion'.
[2025-10-06 15:19:22] Merged 70 bytes for 'affectedbymacroexpansion'.
[2025-10-06 15:19:22] Merging 1 fragment for 'stmtparents'.
[2025-10-06 15:19:22] Merged 194 bytes for 'stmtparents'.
[2025-10-06 15:19:22] Merging 1 fragment for 'blockscope'.
[2025-10-06 15:19:22] Merged 101 bytes for 'blockscope'.
[2025-10-06 15:19:22] Merging 1 fragment for 'function_entry_point'.
[2025-10-06 15:19:22] Merged 54 bytes for 'function_entry_point'.
[2025-10-06 15:19:22] Merging 1 fragment for 'iscall'.
[2025-10-06 15:19:22] Merged 43 bytes for 'iscall'.
[2025-10-06 15:19:22] Merging 1 fragment for 'varbind'.
[2025-10-06 15:19:22] Merged 135 bytes for 'varbind'.
[2025-10-06 15:19:22] Merging 1 fragment for 'typeattributes'.
[2025-10-06 15:19:22] Merged 28 bytes for 'typeattributes'.
[2025-10-06 15:19:22] Merging 1 fragment for 'extractor_version'.
[2025-10-06 15:19:22] Merged 28 bytes for 'extractor_version'.
[2025-10-06 15:19:22] Merging 1 fragment for 'fileannotations'.
[2025-10-06 15:19:22] Merged 402 bytes for 'fileannotations'.
[2025-10-06 15:19:22] Merging 1 fragment for 'localvariables'.
[2025-10-06 15:19:22] Merged 47 bytes for 'localvariables'.
[2025-10-06 15:19:22] Merging 1 fragment for 'stmt_decl_bind'.
[2025-10-06 15:19:22] Merged 48 bytes for 'stmt_decl_bind'.
[2025-10-06 15:19:22] Merging 1 fragment for 'stmt_decl_entry_bind'.
[2025-10-06 15:19:22] Merged 47 bytes for 'stmt_decl_entry_bind'.
[2025-10-06 15:19:22] Merging 1 fragment for 'if_then'.
[2025-10-06 15:19:22] Merged 50 bytes for 'if_then'.
[2025-10-06 15:19:22] Merging 1 fragment for 'if_else'.
[2025-10-06 15:19:22] Merged 33 bytes for 'if_else'.
[2025-10-06 15:19:22] Merging 1 fragment for 'for_condition'.
[2025-10-06 15:19:22] Merged 33 bytes for 'for_condition'.
[2025-10-06 15:19:22] Merging 1 fragment for 'for_body'.
[2025-10-06 15:19:22] Merged 33 bytes for 'for_body'.
[2025-10-06 15:19:22] Merging 1 fragment for 'for_update'.
[2025-10-06 15:19:22] Merged 33 bytes for 'for_update'.
[2025-10-06 15:19:22] Merging 1 fragment for 'jumpinfo'.
[2025-10-06 15:19:22] Merged 47 bytes for 'jumpinfo'.
[2025-10-06 15:19:22] Merging 1 fragment for 'compilations'.
[2025-10-06 15:19:22] Merged 34 bytes for 'compilations'.
[2025-10-06 15:19:22] Merging 1 fragment for 'compilation_args'.
[2025-10-06 15:19:22] Merged 134 bytes for 'compilation_args'.
[2025-10-06 15:19:22] Merging 1 fragment for 'compilation_compiling_files'.
[2025-10-06 15:19:22] Merged 45 bytes for 'compilation_compiling_files'.
[2025-10-06 15:19:22] Merging 1 fragment for 'compilation_time'.
[2025-10-06 15:19:22] Merged 148 bytes for 'compilation_time'.
[2025-10-06 15:19:22] Merging 1 fragment for 'compilation_finished'.
[2025-10-06 15:19:22] Merged 81 bytes for 'compilation_finished'.
[2025-10-06 15:19:22] Merging 1 fragment for 'sourceLocationPrefix'.
[2025-10-06 15:19:22] Merged 18 bytes for 'sourceLocationPrefix'.
[2025-10-06 15:19:22] Saving string and id pools to disk.
[2025-10-06 15:19:22] Finished importing TRAP files.
[2025-10-06 15:19:22] Read 2.88 MiB of uncompressed TRAP data.
[2025-10-06 15:19:22] Uncompressed relation data size: 354.41 KiB
[2025-10-06 15:19:22] Relation data size: 85.78 KiB (merge rate: 646.85 KiB/s)
[2025-10-06 15:19:22] String pool size: 2.08 MiB
[2025-10-06 15:19:22] ID pool size: 1.38 MiB
[2025-10-06 15:19:22] [PROGRESS] dataset import> Finished writing database (relations: 85.78 KiB; string pool: 2.08 MiB).
[2025-10-06 15:19:22] Pausing evaluation to close the cache at sequence stamp o+215
[2025-10-06 15:19:22] The disk cache is freshly trimmed; leave it be.
[2025-10-06 15:19:22] Unpausing evaluation
[2025-10-06 15:19:22] Plumbing command codeql dataset import completed.
[2025-10-06 15:19:22] [PROGRESS] database finalize> TRAP import complete (3s).
[2025-10-06 15:19:22] Running plumbing command: codeql database cleanup -- /home/ez/Documents/SCOPE-QL/scope
[2025-10-06 15:19:22] [PROGRESS] database cleanup> Cleaning up existing TRAP files after import...
[2025-10-06 15:19:22] [PROGRESS] database cleanup> TRAP files cleaned up (2ms).
[2025-10-06 15:19:22] [PROGRESS] database cleanup> Cleaning up scratch directory...
[2025-10-06 15:19:22] [PROGRESS] database cleanup> Scratch directory cleaned up (17ms).
[2025-10-06 15:19:22] Running plumbing command: codeql dataset cleanup -- /home/ez/Documents/SCOPE-QL/scope/db-cpp
[2025-10-06 15:19:22] [PROGRESS] dataset cleanup> Cleaning up dataset in /home/ez/Documents/SCOPE-QL/scope/db-cpp.
[2025-10-06 15:19:22] Trimming disk cache at /home/ez/Documents/SCOPE-QL/scope/db-cpp/default/cache in mode trim.
[2025-10-06 15:19:22] Sequence stamp origin is -5995695477269429510
[2025-10-06 15:19:22] Pausing evaluation to quickly trim memory at sequence stamp o+0
[2025-10-06 15:19:22] Unpausing evaluation
[2025-10-06 15:19:22] Pausing evaluation to zealously trim disk at sequence stamp o+1
[2025-10-06 15:19:22] Unpausing evaluation
[2025-10-06 15:19:22] Trimming completed (4ms): Trimmed disposable data from cache.
[2025-10-06 15:19:22] Pausing evaluation to close the cache at sequence stamp o+2
[2025-10-06 15:19:22] The disk cache is freshly trimmed; leave it be.
[2025-10-06 15:19:22] Unpausing evaluation
[2025-10-06 15:19:22] [PROGRESS] dataset cleanup> Trimmed disposable data from cache.
[2025-10-06 15:19:22] [PROGRESS] dataset cleanup> Finalizing dataset in /home/ez/Documents/SCOPE-QL/scope/db-cpp
[2025-10-06 15:19:22] [DETAILS] dataset cleanup> Finished deleting ID pool from /home/ez/Documents/SCOPE-QL/scope/db-cpp (1ms).
[2025-10-06 15:19:22] Plumbing command codeql dataset cleanup completed.
[2025-10-06 15:19:22] Plumbing command codeql database cleanup completed with status 0.
[2025-10-06 15:19:22] [PROGRESS] database finalize> Finished zipping source archive (81.95 KiB).
[2025-10-06 15:19:22] Plumbing command codeql database finalize completed.
[2025-10-06 15:19:22] [PROGRESS] database create> Successfully created database at /home/ez/Documents/SCOPE-QL/scope.
[2025-10-06 15:19:22] Terminating normally.
