[2025-10-06 15:22:27] This is codeql execute queries -J-Xmx1391M --verbosity=progress --logdir=/home/ez/Documents/SCOPE-QL/scope/log --evaluator-log-level=5 --warnings=show --qlconfig-file=/home/ez/Documents/SCOPE-QL/qlconfig.yml --dynamic-join-order-mode=none --output=/home/ez/Documents/SCOPE-QL/structure.bqrs -- /home/ez/Documents/SCOPE-QL/scope/db-cpp path:/home/ez/Documents/SCOPE-QL/FunctionStructure.ql
[2025-10-06 15:22:27] Calling plumbing command: codeql resolve queries --qlconfig-file=/home/ez/Documents/SCOPE-QL/qlconfig.yml --format=json -- path:/home/ez/Documents/SCOPE-QL/FunctionStructure.ql
[2025-10-06 15:22:28] [PROGRESS] resolve queries> Recording pack reference (anonymous QL pack at /home/ez/Documents/SCOPE-QL/FunctionStructure.ql) at /home/ez/Documents/SCOPE-QL.
[2025-10-06 15:22:28] Plumbing command codeql resolve queries completed:
                      [
                        "/home/ez/Documents/SCOPE-QL/FunctionStructure.ql"
                      ]
[2025-10-06 15:22:28] Creating executor with 1 threads.
[2025-10-06 15:22:28] Calling plumbing command: codeql resolve extensions --qlconfig-file=/home/ez/Documents/SCOPE-QL/qlconfig.yml --include-extension-row-locations path:/home/ez/Documents/SCOPE-QL/FunctionStructure.ql
[2025-10-06 15:22:28] Calling plumbing command: codeql resolve queries --qlconfig-file=/home/ez/Documents/SCOPE-QL/qlconfig.yml --allow-library-packs --format startingpacks -- path:/home/ez/Documents/SCOPE-QL/FunctionStructure.ql
[2025-10-06 15:22:28] [PROGRESS] resolve queries> Recording pack reference (anonymous QL pack at /home/ez/Documents/SCOPE-QL/FunctionStructure.ql) at /home/ez/Documents/SCOPE-QL.
[2025-10-06 15:22:28] Plumbing command codeql resolve queries completed:
                      [
                        "/home/ez/Documents/SCOPE-QL"
                      ]
[2025-10-06 15:22:28] Calling plumbing command: codeql resolve extensions-by-pack --qlconfig-file=/home/ez/Documents/SCOPE-QL/qlconfig.yml --include-extension-row-locations -- /home/ez/Documents/SCOPE-QL
[2025-10-06 15:22:28] [SPAMMY] resolve extensions-by-pack> [INCOMPATIBILITY] <anonymous pack>: not 0.0.0 {root: <anonymous pack>@0.0.0}
[2025-10-06 15:22:28] [SPAMMY] resolve extensions-by-pack> [DERIVATION] <anonymous pack>: 0.0.0 {<anonymous pack>: not 0.0.0 {root: <anonymous pack>@0.0.0}}
[2025-10-06 15:22:28] [SPAMMY] resolve extensions-by-pack> [DECISION 1] <anonymous pack>: 0.0.0
[2025-10-06 15:22:28] Plumbing command codeql resolve extensions-by-pack completed:
                      {
                        "models" : [ ],
                        "data" : { },
                        "threatModels" : { },
                        "extensionPacks" : [ ]
                      }
[2025-10-06 15:22:28] Plumbing command codeql resolve extensions completed:
                      {
                        "models" : [ ],
                        "data" : { },
                        "threatModels" : { },
                        "extensionPacks" : [ ]
                      }
[2025-10-06 15:22:28] Calling plumbing command: codeql resolve library-path --qlconfig-file=/home/ez/Documents/SCOPE-QL/qlconfig.yml --query=/home/ez/Documents/SCOPE-QL/FunctionStructure.ql --format=json
[2025-10-06 15:22:28] [DETAILS] resolve library-path> Resolving query at normalized path /home/ez/Documents/SCOPE-QL/FunctionStructure.ql.
[2025-10-06 15:22:28] [DETAILS] resolve library-path> Found no pack; trying after symlink resolution with /home/ez/Documents/SCOPE-QL/FunctionStructure.ql.
[2025-10-06 15:22:28] [DETAILS] resolve library-path> Found enclosing pack 'SCOPE-QL' at /home/ez/Documents/SCOPE-QL.
[2025-10-06 15:22:28] [DETAILS] resolve library-path> Adding compilation cache at /home/ez/.codeql/compile-cache.
[2025-10-06 15:22:28] [DETAILS] resolve library-path> Resolving library dependencies from /home/ez/Documents/SCOPE-QL/FunctionStructure.ql.
[2025-10-06 15:22:28] [SPAMMY] resolve library-path> [INCOMPATIBILITY] <anonymous pack>: not 0.0.0 {root: <anonymous pack>@0.0.0}
[2025-10-06 15:22:28] [SPAMMY] resolve library-path> [DERIVATION] <anonymous pack>: 0.0.0 {<anonymous pack>: not 0.0.0 {root: <anonymous pack>@0.0.0}}
[2025-10-06 15:22:28] [SPAMMY] resolve library-path> [DECISION 1] <anonymous pack>: 0.0.0
[2025-10-06 15:22:28] [DETAILS] resolve library-path> QL pack dependencies for /home/ez/Documents/SCOPE-QL resolved OK.
[2025-10-06 15:22:28] [DETAILS] resolve library-path> Found no dbscheme through dependencies.
[2025-10-06 15:22:28] Plumbing command codeql resolve library-path completed:
                      {
                        "libraryPath" : [
                          "/home/ez/Documents/SCOPE-QL"
                        ],
                        "compilationCache" : [
                          "/home/ez/.codeql/compile-cache"
                        ],
                        "relativeName" : "SCOPE-QL/FunctionStructure.ql",
                        "possibleAdvice" : "There should probably be a qlpack.yml file declaring dependencies in /home/ez/Documents/SCOPE-QL or an enclosing directory.",
                        "qlPackName" : "SCOPE-QL"
                      }
[2025-10-06 15:22:28] [PROGRESS] execute queries> Compiling query plan for /home/ez/Documents/SCOPE-QL/FunctionStructure.ql.
[2025-10-06 15:22:28] [DETAILS] execute queries> Resolving imports for /home/ez/Documents/SCOPE-QL/FunctionStructure.ql.
[2025-10-06 15:22:28] Resolved file set for /home/ez/Documents/SCOPE-QL/FunctionStructure.ql hashes to 8001b9da3981d0c43112cf87bf25fe1f.
[2025-10-06 15:22:28] [DETAILS] execute queries> Checking QL for /home/ez/Documents/SCOPE-QL/FunctionStructure.ql.
[2025-10-06 15:22:28] Stale frontend caches are invalidated based on import graph reachability.
[2025-10-06 15:22:29] ExternalModuleBindingPass ...
[2025-10-06 15:22:29] ExternalModuleBindingPass time: 00:00.001
[2025-10-06 15:22:29] CollectInstantiationsPass ...
[2025-10-06 15:22:29] CollectInstantiationsPass time: 00:00.004
[2025-10-06 15:22:29] Ql checks ...
[2025-10-06 15:22:29] Ql checks time: 00:00.064
[2025-10-06 15:22:29] [ERROR] execute queries> ERROR: could not resolve module cpp (/home/ez/Documents/SCOPE-QL/FunctionStructure.ql:8,8-11)
[2025-10-06 15:22:29] [ERROR] execute queries> ERROR: could not resolve module semmle.code.cpp.controlflow.ControlFlowGraph (/home/ez/Documents/SCOPE-QL/FunctionStructure.ql:9,8-52)
[2025-10-06 15:22:29] [ERROR] execute queries> ERROR: could not resolve type ControlFlowNode (/home/ez/Documents/SCOPE-QL/FunctionStructure.ql:12,20-35)
[2025-10-06 15:22:29] [ERROR] execute queries> ERROR: could not resolve type LoopEntryNode (/home/ez/Documents/SCOPE-QL/FunctionStructure.ql:13,19-32)
[2025-10-06 15:22:29] [ERROR] execute queries> ERROR: could not resolve type ReturnStmt (/home/ez/Documents/SCOPE-QL/FunctionStructure.ql:14,37-47)
[2025-10-06 15:22:29] [ERROR] execute queries> ERROR: could not resolve type Function (/home/ez/Documents/SCOPE-QL/FunctionStructure.ql:22,6-14)
[2025-10-06 15:22:29] [ERROR] execute queries> ERROR: could not resolve type ControlFlowGraph (/home/ez/Documents/SCOPE-QL/FunctionStructure.ql:22,18-34)
[2025-10-06 15:22:29] [ERROR] execute queries> ERROR: could not resolve type ControlFlowNode (/home/ez/Documents/SCOPE-QL/FunctionStructure.ql:22,40-55)
[2025-10-06 15:22:29] [ERROR] execute queries> ERROR: could not resolve type ControlFlowNode (/home/ez/Documents/SCOPE-QL/FunctionStructure.ql:34,10-25)
[2025-10-06 15:22:29] Sequence stamp origin is -5995694681224351258
[2025-10-06 15:22:29] Pausing evaluation to close the cache at sequence stamp o+0
[2025-10-06 15:22:29] The disk cache is freshly trimmed; leave it be.
[2025-10-06 15:22:29] Unpausing evaluation
[2025-10-06 15:22:29] Exiting with code 2
